{
  "/Users/jason/projects/wellflow/apps/api/src/database/database.module.ts": {
    "path": "/Users/jason/projects/wellflow/apps/api/src/database/database.module.ts",
    "statementMap": {
      "0": {
        "start": { "line": 1, "column": 0 },
        "end": { "line": 1, "column": 40 }
      },
      "1": {
        "start": { "line": 2, "column": 0 },
        "end": { "line": 2, "column": 46 }
      },
      "2": {
        "start": { "line": 3, "column": 0 },
        "end": { "line": 3, "column": 53 }
      },
      "3": {
        "start": { "line": 21, "column": 7 },
        "end": { "line": 21, "column": null }
      },
      "4": {
        "start": { "line": 21, "column": 13 },
        "end": { "line": 21, "column": 27 }
      },
      "5": {
        "start": { "line": 21, "column": 13 },
        "end": { "line": 21, "column": null }
      },
      "6": {
        "start": { "line": 14, "column": 8 },
        "end": { "line": 14, "column": 39 }
      }
    },
    "fnMap": {
      "0": {
        "name": "(anonymous_1)",
        "decl": {
          "start": { "line": 11, "column": 18 },
          "end": { "line": 11, "column": 19 }
        },
        "loc": {
          "start": { "line": 11, "column": 55 },
          "end": { "line": 15, "column": 7 }
        }
      }
    },
    "branchMap": {},
    "s": { "0": 1, "1": 1, "2": 1, "3": 1, "4": 1, "5": 1, "6": 4 },
    "f": { "0": 4 },
    "b": {}
  },
  "/Users/jason/projects/wellflow/apps/api/src/database/database.service.spec.ts": {
    "path": "/Users/jason/projects/wellflow/apps/api/src/database/database.service.spec.ts",
    "statementMap": {
      "0": {
        "start": { "line": 6, "column": 0 },
        "end": { "line": 534, "column": 3 }
      },
      "1": {
        "start": { "line": 10, "column": 2 },
        "end": { "line": 30, "column": 5 }
      },
      "2": {
        "start": { "line": 12, "column": 4 },
        "end": { "line": 22, "column": 6 }
      },
      "3": {
        "start": { "line": 25, "column": 4 },
        "end": { "line": 29, "column": 6 }
      },
      "4": {
        "start": { "line": 32, "column": 2 },
        "end": { "line": 59, "column": 5 }
      },
      "5": {
        "start": { "line": 33, "column": 4 },
        "end": { "line": 38, "column": 7 }
      },
      "6": {
        "start": { "line": 34, "column": 21 },
        "end": { "line": 34, "column": 51 }
      },
      "7": {
        "start": { "line": 36, "column": 6 },
        "end": { "line": 36, "column": 56 }
      },
      "8": {
        "start": { "line": 37, "column": 6 },
        "end": { "line": 37, "column": 39 }
      },
      "9": {
        "start": { "line": 40, "column": 4 },
        "end": { "line": 46, "column": 7 }
      },
      "10": {
        "start": { "line": 41, "column": 6 },
        "end": { "line": 41, "column": 79 }
      },
      "11": {
        "start": { "line": 43, "column": 6 },
        "end": { "line": 45, "column": 8 }
      },
      "12": {
        "start": { "line": 48, "column": 4 },
        "end": { "line": 52, "column": 7 }
      },
      "13": {
        "start": { "line": 49, "column": 6 },
        "end": { "line": 49, "column": 33 }
      },
      "14": {
        "start": { "line": 51, "column": 6 },
        "end": { "line": 51, "column": 52 }
      },
      "15": {
        "start": { "line": 54, "column": 4 },
        "end": { "line": 58, "column": 7 }
      },
      "16": {
        "start": { "line": 55, "column": 6 },
        "end": { "line": 55, "column": 70 }
      },
      "17": {
        "start": { "line": 57, "column": 6 },
        "end": { "line": 57, "column": 73 }
      },
      "18": {
        "start": { "line": 61, "column": 2 },
        "end": { "line": 100, "column": 5 }
      },
      "19": {
        "start": { "line": 62, "column": 4 },
        "end": { "line": 77, "column": 7 }
      },
      "20": {
        "start": { "line": 63, "column": 26 },
        "end": { "line": 63, "column": 51 }
      },
      "21": {
        "start": { "line": 64, "column": 6 },
        "end": { "line": 64, "column": 57 }
      },
      "22": {
        "start": { "line": 66, "column": 20 },
        "end": { "line": 69, "column": 35 }
      },
      "23": {
        "start": { "line": 71, "column": 22 },
        "end": { "line": 71, "column": 43 }
      },
      "24": {
        "start": { "line": 73, "column": 6 },
        "end": { "line": 73, "column": 70 }
      },
      "25": {
        "start": { "line": 74, "column": 6 },
        "end": { "line": 74, "column": 66 }
      },
      "26": {
        "start": { "line": 75, "column": 6 },
        "end": { "line": 75, "column": 74 }
      },
      "27": {
        "start": { "line": 76, "column": 6 },
        "end": { "line": 76, "column": 43 }
      },
      "28": {
        "start": { "line": 79, "column": 4 },
        "end": { "line": 85, "column": 7 }
      },
      "29": {
        "start": { "line": 80, "column": 6 },
        "end": { "line": 80, "column": 71 }
      },
      "30": {
        "start": { "line": 82, "column": 20 },
        "end": { "line": 82, "column": 64 }
      },
      "31": {
        "start": { "line": 84, "column": 6 },
        "end": { "line": 84, "column": 68 }
      },
      "32": {
        "start": { "line": 87, "column": 4 },
        "end": { "line": 99, "column": 7 }
      },
      "33": {
        "start": { "line": 88, "column": 26 },
        "end": { "line": 88, "column": 41 }
      },
      "34": {
        "start": { "line": 89, "column": 6 },
        "end": { "line": 89, "column": 68 }
      },
      "35": {
        "start": { "line": 91, "column": 21 },
        "end": { "line": 92, "column": null }
      },
      "36": {
        "start": { "line": 95, "column": 6 },
        "end": { "line": 97, "column": 8 }
      },
      "37": {
        "start": { "line": 98, "column": 6 },
        "end": { "line": 98, "column": 47 }
      },
      "38": {
        "start": { "line": 102, "column": 2 },
        "end": { "line": 152, "column": 5 }
      },
      "39": {
        "start": { "line": 103, "column": 4 },
        "end": { "line": 125, "column": 7 }
      },
      "40": {
        "start": { "line": 104, "column": 30 },
        "end": { "line": 112, "column": 8 }
      },
      "41": {
        "start": { "line": 114, "column": 6 },
        "end": { "line": 116, "column": 9 }
      },
      "42": {
        "start": { "line": 115, "column": 8 },
        "end": { "line": 115, "column": 41 }
      },
      "43": {
        "start": { "line": 118, "column": 21 },
        "end": { "line": 121, "column": 8 }
      },
      "44": {
        "start": { "line": 119, "column": 8 },
        "end": { "line": 119, "column": 73 }
      },
      "45": {
        "start": { "line": 120, "column": 8 },
        "end": { "line": 120, "column": 25 }
      },
      "46": {
        "start": { "line": 123, "column": 6 },
        "end": { "line": 123, "column": 57 }
      },
      "47": {
        "start": { "line": 124, "column": 6 },
        "end": { "line": 124, "column": 37 }
      },
      "48": {
        "start": { "line": 127, "column": 4 },
        "end": { "line": 151, "column": 7 }
      },
      "49": {
        "start": { "line": 128, "column": 30 },
        "end": { "line": 133, "column": 8 }
      },
      "50": {
        "start": { "line": 135, "column": 6 },
        "end": { "line": 142, "column": 9 }
      },
      "51": {
        "start": { "line": 136, "column": 8 },
        "end": { "line": 141, "column": 9 }
      },
      "52": {
        "start": { "line": 137, "column": 10 },
        "end": { "line": 137, "column": 49 }
      },
      "53": {
        "start": { "line": 139, "column": 10 },
        "end": { "line": 139, "column": 43 }
      },
      "54": {
        "start": { "line": 140, "column": 10 },
        "end": { "line": 140, "column": 22 }
      },
      "55": {
        "start": { "line": 144, "column": 6 },
        "end": { "line": 148, "column": 41 }
      },
      "56": {
        "start": { "line": 146, "column": 10 },
        "end": { "line": 146, "column": 75 }
      },
      "57": {
        "start": { "line": 150, "column": 6 },
        "end": { "line": 150, "column": 58 }
      },
      "58": {
        "start": { "line": 154, "column": 2 },
        "end": { "line": 202, "column": 5 }
      },
      "59": {
        "start": { "line": 155, "column": 4 },
        "end": { "line": 172, "column": 7 }
      },
      "60": {
        "start": { "line": 158, "column": 31 },
        "end": { "line": 158, "column": 46 }
      },
      "61": {
        "start": { "line": 159, "column": 31 },
        "end": { "line": 166, "column": 8 }
      },
      "62": {
        "start": { "line": 168, "column": 6 },
        "end": { "line": 168, "column": 54 }
      },
      "63": {
        "start": { "line": 169, "column": 6 },
        "end": { "line": 169, "column": 47 }
      },
      "64": {
        "start": { "line": 170, "column": 6 },
        "end": { "line": 170, "column": 62 }
      },
      "65": {
        "start": { "line": 171, "column": 6 },
        "end": { "line": 171, "column": 47 }
      },
      "66": {
        "start": { "line": 174, "column": 4 },
        "end": { "line": 187, "column": 7 }
      },
      "67": {
        "start": { "line": 175, "column": 24 },
        "end": { "line": 182, "column": 8 }
      },
      "68": {
        "start": { "line": 184, "column": 6 },
        "end": { "line": 184, "column": 59 }
      },
      "69": {
        "start": { "line": 185, "column": 6 },
        "end": { "line": 185, "column": 61 }
      },
      "70": {
        "start": { "line": 186, "column": 6 },
        "end": { "line": 186, "column": 50 }
      },
      "71": {
        "start": { "line": 189, "column": 4 },
        "end": { "line": 201, "column": 7 }
      },
      "72": {
        "start": { "line": 190, "column": 25 },
        "end": { "line": 195, "column": 8 }
      },
      "73": {
        "start": { "line": 197, "column": 6 },
        "end": { "line": 197, "column": 37 }
      },
      "74": {
        "start": { "line": 198, "column": 6 },
        "end": { "line": 198, "column": 38 }
      },
      "75": {
        "start": { "line": 199, "column": 6 },
        "end": { "line": 199, "column": 55 }
      },
      "76": {
        "start": { "line": 200, "column": 6 },
        "end": { "line": 200, "column": 60 }
      },
      "77": {
        "start": { "line": 204, "column": 2 },
        "end": { "line": 263, "column": 5 }
      },
      "78": {
        "start": { "line": 205, "column": 4 },
        "end": { "line": 222, "column": 7 }
      },
      "79": {
        "start": { "line": 206, "column": 6 },
        "end": { "line": 209, "column": 9 }
      },
      "80": {
        "start": { "line": 211, "column": 21 },
        "end": { "line": 213, "column": null }
      },
      "81": {
        "start": { "line": 216, "column": 6 },
        "end": { "line": 219, "column": 8 }
      },
      "82": {
        "start": { "line": 220, "column": 6 },
        "end": { "line": 220, "column": 42 }
      },
      "83": {
        "start": { "line": 221, "column": 6 },
        "end": { "line": 221, "column": 47 }
      },
      "84": {
        "start": { "line": 224, "column": 4 },
        "end": { "line": 238, "column": 7 }
      },
      "85": {
        "start": { "line": 226, "column": 8 },
        "end": { "line": 226, "column": 92 }
      },
      "86": {
        "start": { "line": 227, "column": 21 },
        "end": { "line": 227, "column": 55 }
      },
      "87": {
        "start": { "line": 229, "column": 6 },
        "end": { "line": 232, "column": 9 }
      },
      "88": {
        "start": { "line": 234, "column": 21 },
        "end": { "line": 234, "column": 66 }
      },
      "89": {
        "start": { "line": 236, "column": 6 },
        "end": { "line": 236, "column": 75 }
      },
      "90": {
        "start": { "line": 237, "column": 6 },
        "end": { "line": 237, "column": 49 }
      },
      "91": {
        "start": { "line": 240, "column": 4 },
        "end": { "line": 262, "column": 7 }
      },
      "92": {
        "start": { "line": 241, "column": 27 },
        "end": { "line": 245, "column": 8 }
      },
      "93": {
        "start": { "line": 247, "column": 6 },
        "end": { "line": 252, "column": 7 }
      },
      "94": {
        "start": { "line": 247, "column": 19 },
        "end": { "line": 247, "column": 20 }
      },
      "95": {
        "start": { "line": 248, "column": 8 },
        "end": { "line": 251, "column": 11 }
      },
      "96": {
        "start": { "line": 254, "column": 22 },
        "end": { "line": 254, "column": 24 }
      },
      "97": {
        "start": { "line": 255, "column": 6 },
        "end": { "line": 258, "column": 7 }
      },
      "98": {
        "start": { "line": 256, "column": 23 },
        "end": { "line": 256, "column": 75 }
      },
      "99": {
        "start": { "line": 257, "column": 8 },
        "end": { "line": 257, "column": 29 }
      },
      "100": {
        "start": { "line": 260, "column": 6 },
        "end": { "line": 260, "column": 38 }
      },
      "101": {
        "start": { "line": 261, "column": 6 },
        "end": { "line": 261, "column": 60 }
      },
      "102": {
        "start": { "line": 265, "column": 2 },
        "end": { "line": 348, "column": 5 }
      },
      "103": {
        "start": { "line": 266, "column": 4 },
        "end": { "line": 287, "column": 7 }
      },
      "104": {
        "start": { "line": 267, "column": 30 },
        "end": { "line": 272, "column": 8 }
      },
      "105": {
        "start": { "line": 274, "column": 6 },
        "end": { "line": 276, "column": 9 }
      },
      "106": {
        "start": { "line": 275, "column": 8 },
        "end": { "line": 275, "column": 41 }
      },
      "107": {
        "start": { "line": 278, "column": 6 },
        "end": { "line": 284, "column": 9 }
      },
      "108": {
        "start": { "line": 279, "column": 8 },
        "end": { "line": 279, "column": 78 }
      },
      "109": {
        "start": { "line": 280, "column": 8 },
        "end": { "line": 283, "column": 10 }
      },
      "110": {
        "start": { "line": 286, "column": 6 },
        "end": { "line": 286, "column": 57 }
      },
      "111": {
        "start": { "line": 289, "column": 4 },
        "end": { "line": 312, "column": 7 }
      },
      "112": {
        "start": { "line": 290, "column": 30 },
        "end": { "line": 295, "column": 8 }
      },
      "113": {
        "start": { "line": 297, "column": 6 },
        "end": { "line": 304, "column": 9 }
      },
      "114": {
        "start": { "line": 298, "column": 8 },
        "end": { "line": 303, "column": 9 }
      },
      "115": {
        "start": { "line": 299, "column": 10 },
        "end": { "line": 299, "column": 49 }
      },
      "116": {
        "start": { "line": 301, "column": 10 },
        "end": { "line": 301, "column": 43 }
      },
      "117": {
        "start": { "line": 302, "column": 10 },
        "end": { "line": 302, "column": 22 }
      },
      "118": {
        "start": { "line": 306, "column": 6 },
        "end": { "line": 311, "column": 48 }
      },
      "119": {
        "start": { "line": 308, "column": 10 },
        "end": { "line": 308, "column": 80 }
      },
      "120": {
        "start": { "line": 309, "column": 10 },
        "end": { "line": 309, "column": 40 }
      },
      "121": {
        "start": { "line": 314, "column": 4 },
        "end": { "line": 347, "column": 7 }
      },
      "122": {
        "start": { "line": 315, "column": 31 },
        "end": { "line": 318, "column": 8 }
      },
      "123": {
        "start": { "line": 320, "column": 31 },
        "end": { "line": 322, "column": 8 }
      },
      "124": {
        "start": { "line": 324, "column": 6 },
        "end": { "line": 326, "column": 9 }
      },
      "125": {
        "start": { "line": 325, "column": 8 },
        "end": { "line": 325, "column": 42 }
      },
      "126": {
        "start": { "line": 328, "column": 6 },
        "end": { "line": 330, "column": 9 }
      },
      "127": {
        "start": { "line": 329, "column": 8 },
        "end": { "line": 329, "column": 42 }
      },
      "128": {
        "start": { "line": 332, "column": 6 },
        "end": { "line": 343, "column": 9 }
      },
      "129": {
        "start": { "line": 333, "column": 8 },
        "end": { "line": 335, "column": 11 }
      },
      "130": {
        "start": { "line": 337, "column": 8 },
        "end": { "line": 342, "column": 11 }
      },
      "131": {
        "start": { "line": 338, "column": 10 },
        "end": { "line": 341, "column": 12 }
      },
      "132": {
        "start": { "line": 345, "column": 6 },
        "end": { "line": 345, "column": 57 }
      },
      "133": {
        "start": { "line": 346, "column": 6 },
        "end": { "line": 346, "column": 62 }
      },
      "134": {
        "start": { "line": 350, "column": 2 },
        "end": { "line": 386, "column": 5 }
      },
      "135": {
        "start": { "line": 351, "column": 4 },
        "end": { "line": 355, "column": 7 }
      },
      "136": {
        "start": { "line": 352, "column": 6 },
        "end": { "line": 352, "column": 33 }
      },
      "137": {
        "start": { "line": 354, "column": 6 },
        "end": { "line": 354, "column": 52 }
      },
      "138": {
        "start": { "line": 357, "column": 4 },
        "end": { "line": 363, "column": 7 }
      },
      "139": {
        "start": { "line": 358, "column": 6 },
        "end": { "line": 358, "column": 79 }
      },
      "140": {
        "start": { "line": 360, "column": 6 },
        "end": { "line": 362, "column": 8 }
      },
      "141": {
        "start": { "line": 365, "column": 4 },
        "end": { "line": 374, "column": 7 }
      },
      "142": {
        "start": { "line": 366, "column": 27 },
        "end": { "line": 366, "column": 58 }
      },
      "143": {
        "start": { "line": 367, "column": 6 },
        "end": { "line": 367, "column": 41 }
      },
      "144": {
        "start": { "line": 369, "column": 6 },
        "end": { "line": 369, "column": 61 }
      },
      "145": {
        "start": { "line": 371, "column": 6 },
        "end": { "line": 373, "column": 8 }
      },
      "146": {
        "start": { "line": 376, "column": 4 },
        "end": { "line": 385, "column": 7 }
      },
      "147": {
        "start": { "line": 377, "column": 24 },
        "end": { "line": 377, "column": 51 }
      },
      "148": {
        "start": { "line": 378, "column": 6 },
        "end": { "line": 378, "column": 44 }
      },
      "149": {
        "start": { "line": 380, "column": 6 },
        "end": { "line": 380, "column": 56 }
      },
      "150": {
        "start": { "line": 382, "column": 6 },
        "end": { "line": 384, "column": 8 }
      },
      "151": {
        "start": { "line": 388, "column": 2 },
        "end": { "line": 439, "column": 5 }
      },
      "152": {
        "start": { "line": 389, "column": 4 },
        "end": { "line": 404, "column": 7 }
      },
      "153": {
        "start": { "line": 390, "column": 6 },
        "end": { "line": 393, "column": 9 }
      },
      "154": {
        "start": { "line": 395, "column": 26 },
        "end": { "line": 398, "column": 7 }
      },
      "155": {
        "start": { "line": 396, "column": 23 },
        "end": { "line": 396, "column": 71 }
      },
      "156": {
        "start": { "line": 397, "column": 8 },
        "end": { "line": 397, "column": 43 }
      },
      "157": {
        "start": { "line": 400, "column": 24 },
        "end": { "line": 400, "column": 43 }
      },
      "158": {
        "start": { "line": 402, "column": 6 },
        "end": { "line": 402, "column": 35 }
      },
      "159": {
        "start": { "line": 403, "column": 6 },
        "end": { "line": 403, "column": 78 }
      },
      "160": {
        "start": { "line": 406, "column": 4 },
        "end": { "line": 421, "column": 7 }
      },
      "161": {
        "start": { "line": 407, "column": 6 },
        "end": { "line": 407, "column": 80 }
      },
      "162": {
        "start": { "line": 409, "column": 26 },
        "end": { "line": 416, "column": 7 }
      },
      "163": {
        "start": { "line": 410, "column": 8 },
        "end": { "line": 415, "column": 9 }
      },
      "164": {
        "start": { "line": 411, "column": 10 },
        "end": { "line": 411, "column": 49 }
      },
      "165": {
        "start": { "line": 412, "column": 10 },
        "end": { "line": 412, "column": 22 }
      },
      "166": {
        "start": { "line": 414, "column": 10 },
        "end": { "line": 414, "column": 23 }
      },
      "167": {
        "start": { "line": 418, "column": 24 },
        "end": { "line": 418, "column": 43 }
      },
      "168": {
        "start": { "line": 420, "column": 6 },
        "end": { "line": 420, "column": 36 }
      },
      "169": {
        "start": { "line": 423, "column": 4 },
        "end": { "line": 438, "column": 7 }
      },
      "170": {
        "start": { "line": 424, "column": 6 },
        "end": { "line": 427, "column": 9 }
      },
      "171": {
        "start": { "line": 429, "column": 25 },
        "end": { "line": 432, "column": 7 }
      },
      "172": {
        "start": { "line": 430, "column": 23 },
        "end": { "line": 430, "column": 69 }
      },
      "173": {
        "start": { "line": 431, "column": 8 },
        "end": { "line": 431, "column": 38 }
      },
      "174": {
        "start": { "line": 434, "column": 22 },
        "end": { "line": 434, "column": 40 }
      },
      "175": {
        "start": { "line": 436, "column": 6 },
        "end": { "line": 436, "column": 46 }
      },
      "176": {
        "start": { "line": 437, "column": 6 },
        "end": { "line": 437, "column": 40 }
      },
      "177": {
        "start": { "line": 441, "column": 2 },
        "end": { "line": 493, "column": 5 }
      },
      "178": {
        "start": { "line": 442, "column": 4 },
        "end": { "line": 457, "column": 7 }
      },
      "179": {
        "start": { "line": 443, "column": 24 },
        "end": { "line": 443, "column": 34 }
      },
      "180": {
        "start": { "line": 445, "column": 6 },
        "end": { "line": 449, "column": 9 }
      },
      "181": {
        "start": { "line": 447, "column": 8 },
        "end": { "line": 447, "column": 64 }
      },
      "182": {
        "start": { "line": 447, "column": 39 },
        "end": { "line": 447, "column": 62 }
      },
      "183": {
        "start": { "line": 448, "column": 8 },
        "end": { "line": 448, "column": 41 }
      },
      "184": {
        "start": { "line": 451, "column": 6 },
        "end": { "line": 451, "column": 67 }
      },
      "185": {
        "start": { "line": 453, "column": 22 },
        "end": { "line": 453, "column": 32 }
      },
      "186": {
        "start": { "line": 454, "column": 28 },
        "end": { "line": 454, "column": 47 }
      },
      "187": {
        "start": { "line": 456, "column": 6 },
        "end": { "line": 456, "column": 55 }
      },
      "188": {
        "start": { "line": 459, "column": 4 },
        "end": { "line": 477, "column": 7 }
      },
      "189": {
        "start": { "line": 460, "column": 25 },
        "end": { "line": 460, "column": 34 }
      },
      "190": {
        "start": { "line": 462, "column": 29 },
        "end": { "line": 464, "column": 7 }
      },
      "191": {
        "start": { "line": 463, "column": 8 },
        "end": { "line": 463, "column": 35 }
      },
      "192": {
        "start": { "line": 466, "column": 29 },
        "end": { "line": 468, "column": 7 }
      },
      "193": {
        "start": { "line": 467, "column": 8 },
        "end": { "line": 467, "column": 36 }
      },
      "194": {
        "start": { "line": 470, "column": 18 },
        "end": { "line": 470, "column": 57 }
      },
      "195": {
        "start": { "line": 471, "column": 21 },
        "end": { "line": 471, "column": 56 }
      },
      "196": {
        "start": { "line": 473, "column": 6 },
        "end": { "line": 473, "column": 34 }
      },
      "197": {
        "start": { "line": 474, "column": 27 },
        "end": { "line": 474, "column": 46 }
      },
      "198": {
        "start": { "line": 476, "column": 6 },
        "end": { "line": 476, "column": 43 }
      },
      "199": {
        "start": { "line": 479, "column": 4 },
        "end": { "line": 492, "column": 7 }
      },
      "200": {
        "start": { "line": 480, "column": 28 },
        "end": { "line": 486, "column": 7 }
      },
      "201": {
        "start": { "line": 482, "column": 8 },
        "end": { "line": 484, "column": 9 }
      },
      "202": {
        "start": { "line": 483, "column": 10 },
        "end": { "line": 483, "column": 37 }
      },
      "203": {
        "start": { "line": 485, "column": 8 },
        "end": { "line": 485, "column": 19 }
      },
      "204": {
        "start": { "line": 488, "column": 28 },
        "end": { "line": 488, "column": 67 }
      },
      "205": {
        "start": { "line": 489, "column": 29 },
        "end": { "line": 489, "column": 57 }
      },
      "206": {
        "start": { "line": 491, "column": 6 },
        "end": { "line": 491, "column": 53 }
      },
      "207": {
        "start": { "line": 495, "column": 2 },
        "end": { "line": 533, "column": 5 }
      },
      "208": {
        "start": { "line": 496, "column": 4 },
        "end": { "line": 505, "column": 7 }
      },
      "209": {
        "start": { "line": 497, "column": 26 },
        "end": { "line": 497, "column": 64 }
      },
      "210": {
        "start": { "line": 498, "column": 6 },
        "end": { "line": 498, "column": 39 }
      },
      "211": {
        "start": { "line": 500, "column": 6 },
        "end": { "line": 500, "column": 58 }
      },
      "212": {
        "start": { "line": 502, "column": 6 },
        "end": { "line": 504, "column": 8 }
      },
      "213": {
        "start": { "line": 507, "column": 4 },
        "end": { "line": 518, "column": 7 }
      },
      "214": {
        "start": { "line": 508, "column": 30 },
        "end": { "line": 508, "column": 70 }
      },
      "215": {
        "start": { "line": 509, "column": 6 },
        "end": { "line": 509, "column": 56 }
      },
      "216": {
        "start": { "line": 511, "column": 6 },
        "end": { "line": 511, "column": 62 }
      },
      "217": {
        "start": { "line": 513, "column": 6 },
        "end": { "line": 517, "column": 55 }
      },
      "218": {
        "start": { "line": 520, "column": 4 },
        "end": { "line": 532, "column": 7 }
      },
      "219": {
        "start": { "line": 521, "column": 22 },
        "end": { "line": 521, "column": 67 }
      },
      "220": {
        "start": { "line": 522, "column": 6 },
        "end": { "line": 522, "column": 48 }
      },
      "221": {
        "start": { "line": 524, "column": 6 },
        "end": { "line": 524, "column": 54 }
      },
      "222": {
        "start": { "line": 526, "column": 6 },
        "end": { "line": 531, "column": 60 }
      }
    },
    "fnMap": {
      "0": {
        "name": "(anonymous_0)",
        "decl": {
          "start": { "line": 6, "column": 28 },
          "end": { "line": 6, "column": 31 }
        },
        "loc": {
          "start": { "line": 6, "column": 33 },
          "end": { "line": 534, "column": 1 }
        }
      },
      "1": {
        "name": "(anonymous_1)",
        "decl": {
          "start": { "line": 10, "column": 13 },
          "end": { "line": 10, "column": 16 }
        },
        "loc": {
          "start": { "line": 10, "column": 18 },
          "end": { "line": 30, "column": 3 }
        }
      },
      "2": {
        "name": "(anonymous_2)",
        "decl": {
          "start": { "line": 32, "column": 45 },
          "end": { "line": 32, "column": 48 }
        },
        "loc": {
          "start": { "line": 32, "column": 50 },
          "end": { "line": 59, "column": 3 }
        }
      },
      "3": {
        "name": "(anonymous_3)",
        "decl": {
          "start": { "line": 33, "column": 47 },
          "end": { "line": 33, "column": 52 }
        },
        "loc": {
          "start": { "line": 33, "column": 58 },
          "end": { "line": 38, "column": 5 }
        }
      },
      "4": {
        "name": "(anonymous_4)",
        "decl": {
          "start": { "line": 40, "column": 44 },
          "end": { "line": 40, "column": 49 }
        },
        "loc": {
          "start": { "line": 40, "column": 55 },
          "end": { "line": 46, "column": 5 }
        }
      },
      "5": {
        "name": "(anonymous_5)",
        "decl": {
          "start": { "line": 48, "column": 43 },
          "end": { "line": 48, "column": 48 }
        },
        "loc": {
          "start": { "line": 48, "column": 54 },
          "end": { "line": 52, "column": 5 }
        }
      },
      "6": {
        "name": "(anonymous_6)",
        "decl": {
          "start": { "line": 54, "column": 61 },
          "end": { "line": 54, "column": 66 }
        },
        "loc": {
          "start": { "line": 54, "column": 72 },
          "end": { "line": 58, "column": 5 }
        }
      },
      "7": {
        "name": "(anonymous_7)",
        "decl": {
          "start": { "line": 61, "column": 34 },
          "end": { "line": 61, "column": 37 }
        },
        "loc": {
          "start": { "line": 61, "column": 39 },
          "end": { "line": 100, "column": 3 }
        }
      },
      "8": {
        "name": "(anonymous_8)",
        "decl": {
          "start": { "line": 62, "column": 39 },
          "end": { "line": 62, "column": 44 }
        },
        "loc": {
          "start": { "line": 62, "column": 50 },
          "end": { "line": 77, "column": 5 }
        }
      },
      "9": {
        "name": "(anonymous_9)",
        "decl": {
          "start": { "line": 79, "column": 47 },
          "end": { "line": 79, "column": 52 }
        },
        "loc": {
          "start": { "line": 79, "column": 58 },
          "end": { "line": 85, "column": 5 }
        }
      },
      "10": {
        "name": "(anonymous_10)",
        "decl": {
          "start": { "line": 87, "column": 41 },
          "end": { "line": 87, "column": 46 }
        },
        "loc": {
          "start": { "line": 87, "column": 52 },
          "end": { "line": 99, "column": 5 }
        }
      },
      "11": {
        "name": "(anonymous_11)",
        "decl": {
          "start": { "line": 102, "column": 37 },
          "end": { "line": 102, "column": 40 }
        },
        "loc": {
          "start": { "line": 102, "column": 42 },
          "end": { "line": 152, "column": 3 }
        }
      },
      "12": {
        "name": "(anonymous_12)",
        "decl": {
          "start": { "line": 103, "column": 47 },
          "end": { "line": 103, "column": 52 }
        },
        "loc": {
          "start": { "line": 103, "column": 58 },
          "end": { "line": 125, "column": 5 }
        }
      },
      "13": {
        "name": "(anonymous_13)",
        "decl": {
          "start": { "line": 114, "column": 49 },
          "end": { "line": 114, "column": 50 }
        },
        "loc": {
          "start": { "line": 114, "column": 67 },
          "end": { "line": 116, "column": 7 }
        }
      },
      "14": {
        "name": "(anonymous_14)",
        "decl": {
          "start": { "line": 118, "column": 51 },
          "end": { "line": 118, "column": 56 }
        },
        "loc": {
          "start": { "line": 118, "column": 69 },
          "end": { "line": 121, "column": 7 }
        }
      },
      "15": {
        "name": "(anonymous_15)",
        "decl": {
          "start": { "line": 127, "column": 54 },
          "end": { "line": 127, "column": 59 }
        },
        "loc": {
          "start": { "line": 127, "column": 65 },
          "end": { "line": 151, "column": 5 }
        }
      },
      "16": {
        "name": "(anonymous_16)",
        "decl": {
          "start": { "line": 135, "column": 49 },
          "end": { "line": 135, "column": 54 }
        },
        "loc": {
          "start": { "line": 135, "column": 73 },
          "end": { "line": 142, "column": 7 }
        }
      },
      "17": {
        "name": "(anonymous_17)",
        "decl": {
          "start": { "line": 145, "column": 32 },
          "end": { "line": 145, "column": 37 }
        },
        "loc": {
          "start": { "line": 145, "column": 50 },
          "end": { "line": 147, "column": 9 }
        }
      },
      "18": {
        "name": "(anonymous_18)",
        "decl": {
          "start": { "line": 154, "column": 34 },
          "end": { "line": 154, "column": 37 }
        },
        "loc": {
          "start": { "line": 154, "column": 39 },
          "end": { "line": 202, "column": 3 }
        }
      },
      "19": {
        "name": "(anonymous_19)",
        "decl": {
          "start": { "line": 155, "column": 53 },
          "end": { "line": 155, "column": 56 }
        },
        "loc": {
          "start": { "line": 155, "column": 58 },
          "end": { "line": 172, "column": 5 }
        }
      },
      "20": {
        "name": "(anonymous_20)",
        "decl": {
          "start": { "line": 174, "column": 53 },
          "end": { "line": 174, "column": 56 }
        },
        "loc": {
          "start": { "line": 174, "column": 58 },
          "end": { "line": 187, "column": 5 }
        }
      },
      "21": {
        "name": "(anonymous_21)",
        "decl": {
          "start": { "line": 189, "column": 57 },
          "end": { "line": 189, "column": 60 }
        },
        "loc": {
          "start": { "line": 189, "column": 62 },
          "end": { "line": 201, "column": 5 }
        }
      },
      "22": {
        "name": "(anonymous_22)",
        "decl": {
          "start": { "line": 204, "column": 34 },
          "end": { "line": 204, "column": 37 }
        },
        "loc": {
          "start": { "line": 204, "column": 39 },
          "end": { "line": 263, "column": 3 }
        }
      },
      "23": {
        "name": "(anonymous_23)",
        "decl": {
          "start": { "line": 205, "column": 46 },
          "end": { "line": 205, "column": 51 }
        },
        "loc": {
          "start": { "line": 205, "column": 57 },
          "end": { "line": 222, "column": 5 }
        }
      },
      "24": {
        "name": "(anonymous_24)",
        "decl": {
          "start": { "line": 224, "column": 46 },
          "end": { "line": 224, "column": 51 }
        },
        "loc": {
          "start": { "line": 224, "column": 57 },
          "end": { "line": 238, "column": 5 }
        }
      },
      "25": {
        "name": "(anonymous_25)",
        "decl": {
          "start": { "line": 240, "column": 41 },
          "end": { "line": 240, "column": 46 }
        },
        "loc": {
          "start": { "line": 240, "column": 52 },
          "end": { "line": 262, "column": 5 }
        }
      },
      "26": {
        "name": "(anonymous_26)",
        "decl": {
          "start": { "line": 265, "column": 37 },
          "end": { "line": 265, "column": 40 }
        },
        "loc": {
          "start": { "line": 265, "column": 42 },
          "end": { "line": 348, "column": 3 }
        }
      },
      "27": {
        "name": "(anonymous_27)",
        "decl": {
          "start": { "line": 266, "column": 46 },
          "end": { "line": 266, "column": 51 }
        },
        "loc": {
          "start": { "line": 266, "column": 57 },
          "end": { "line": 287, "column": 5 }
        }
      },
      "28": {
        "name": "(anonymous_28)",
        "decl": {
          "start": { "line": 274, "column": 49 },
          "end": { "line": 274, "column": 50 }
        },
        "loc": {
          "start": { "line": 274, "column": 67 },
          "end": { "line": 276, "column": 7 }
        }
      },
      "29": {
        "name": "(anonymous_29)",
        "decl": {
          "start": { "line": 278, "column": 36 },
          "end": { "line": 278, "column": 41 }
        },
        "loc": {
          "start": { "line": 278, "column": 54 },
          "end": { "line": 284, "column": 7 }
        }
      },
      "30": {
        "name": "(anonymous_30)",
        "decl": {
          "start": { "line": 289, "column": 54 },
          "end": { "line": 289, "column": 59 }
        },
        "loc": {
          "start": { "line": 289, "column": 65 },
          "end": { "line": 312, "column": 5 }
        }
      },
      "31": {
        "name": "(anonymous_31)",
        "decl": {
          "start": { "line": 297, "column": 49 },
          "end": { "line": 297, "column": 54 }
        },
        "loc": {
          "start": { "line": 297, "column": 73 },
          "end": { "line": 304, "column": 7 }
        }
      },
      "32": {
        "name": "(anonymous_32)",
        "decl": {
          "start": { "line": 307, "column": 32 },
          "end": { "line": 307, "column": 37 }
        },
        "loc": {
          "start": { "line": 307, "column": 50 },
          "end": { "line": 310, "column": 9 }
        }
      },
      "33": {
        "name": "(anonymous_33)",
        "decl": {
          "start": { "line": 314, "column": 44 },
          "end": { "line": 314, "column": 49 }
        },
        "loc": {
          "start": { "line": 314, "column": 55 },
          "end": { "line": 347, "column": 5 }
        }
      },
      "34": {
        "name": "(anonymous_34)",
        "decl": {
          "start": { "line": 324, "column": 54 },
          "end": { "line": 324, "column": 55 }
        },
        "loc": {
          "start": { "line": 324, "column": 72 },
          "end": { "line": 326, "column": 7 }
        }
      },
      "35": {
        "name": "(anonymous_35)",
        "decl": {
          "start": { "line": 328, "column": 49 },
          "end": { "line": 328, "column": 50 }
        },
        "loc": {
          "start": { "line": 328, "column": 67 },
          "end": { "line": 330, "column": 7 }
        }
      },
      "36": {
        "name": "(anonymous_36)",
        "decl": {
          "start": { "line": 332, "column": 36 },
          "end": { "line": 332, "column": 41 }
        },
        "loc": {
          "start": { "line": 332, "column": 59 },
          "end": { "line": 343, "column": 7 }
        }
      },
      "37": {
        "name": "(anonymous_37)",
        "decl": {
          "start": { "line": 337, "column": 34 },
          "end": { "line": 337, "column": 39 }
        },
        "loc": {
          "start": { "line": 337, "column": 57 },
          "end": { "line": 342, "column": 9 }
        }
      },
      "38": {
        "name": "(anonymous_38)",
        "decl": {
          "start": { "line": 350, "column": 36 },
          "end": { "line": 350, "column": 39 }
        },
        "loc": {
          "start": { "line": 350, "column": 41 },
          "end": { "line": 386, "column": 3 }
        }
      },
      "39": {
        "name": "(anonymous_39)",
        "decl": {
          "start": { "line": 351, "column": 43 },
          "end": { "line": 351, "column": 48 }
        },
        "loc": {
          "start": { "line": 351, "column": 54 },
          "end": { "line": 355, "column": 5 }
        }
      },
      "40": {
        "name": "(anonymous_40)",
        "decl": {
          "start": { "line": 357, "column": 42 },
          "end": { "line": 357, "column": 47 }
        },
        "loc": {
          "start": { "line": 357, "column": 53 },
          "end": { "line": 363, "column": 5 }
        }
      },
      "41": {
        "name": "(anonymous_41)",
        "decl": {
          "start": { "line": 365, "column": 43 },
          "end": { "line": 365, "column": 48 }
        },
        "loc": {
          "start": { "line": 365, "column": 54 },
          "end": { "line": 374, "column": 5 }
        }
      },
      "42": {
        "name": "(anonymous_42)",
        "decl": {
          "start": { "line": 376, "column": 51 },
          "end": { "line": 376, "column": 56 }
        },
        "loc": {
          "start": { "line": 376, "column": 62 },
          "end": { "line": 385, "column": 5 }
        }
      },
      "43": {
        "name": "(anonymous_43)",
        "decl": {
          "start": { "line": 388, "column": 37 },
          "end": { "line": 388, "column": 40 }
        },
        "loc": {
          "start": { "line": 388, "column": 42 },
          "end": { "line": 439, "column": 3 }
        }
      },
      "44": {
        "name": "(anonymous_44)",
        "decl": {
          "start": { "line": 389, "column": 46 },
          "end": { "line": 389, "column": 51 }
        },
        "loc": {
          "start": { "line": 389, "column": 57 },
          "end": { "line": 404, "column": 5 }
        }
      },
      "45": {
        "name": "(anonymous_45)",
        "decl": {
          "start": { "line": 395, "column": 26 },
          "end": { "line": 395, "column": 31 }
        },
        "loc": {
          "start": { "line": 395, "column": 37 },
          "end": { "line": 398, "column": 7 }
        }
      },
      "46": {
        "name": "(anonymous_46)",
        "decl": {
          "start": { "line": 406, "column": 46 },
          "end": { "line": 406, "column": 51 }
        },
        "loc": {
          "start": { "line": 406, "column": 57 },
          "end": { "line": 421, "column": 5 }
        }
      },
      "47": {
        "name": "(anonymous_47)",
        "decl": {
          "start": { "line": 409, "column": 26 },
          "end": { "line": 409, "column": 31 }
        },
        "loc": {
          "start": { "line": 409, "column": 37 },
          "end": { "line": 416, "column": 7 }
        }
      },
      "48": {
        "name": "(anonymous_48)",
        "decl": {
          "start": { "line": 423, "column": 40 },
          "end": { "line": 423, "column": 45 }
        },
        "loc": {
          "start": { "line": 423, "column": 51 },
          "end": { "line": 438, "column": 5 }
        }
      },
      "49": {
        "name": "(anonymous_49)",
        "decl": {
          "start": { "line": 429, "column": 25 },
          "end": { "line": 429, "column": 30 }
        },
        "loc": {
          "start": { "line": 429, "column": 36 },
          "end": { "line": 432, "column": 7 }
        }
      },
      "50": {
        "name": "(anonymous_50)",
        "decl": {
          "start": { "line": 441, "column": 32 },
          "end": { "line": 441, "column": 35 }
        },
        "loc": {
          "start": { "line": 441, "column": 37 },
          "end": { "line": 493, "column": 3 }
        }
      },
      "51": {
        "name": "(anonymous_51)",
        "decl": {
          "start": { "line": 442, "column": 37 },
          "end": { "line": 442, "column": 42 }
        },
        "loc": {
          "start": { "line": 442, "column": 48 },
          "end": { "line": 457, "column": 5 }
        }
      },
      "52": {
        "name": "(anonymous_52)",
        "decl": {
          "start": { "line": 445, "column": 46 },
          "end": { "line": 445, "column": 51 }
        },
        "loc": {
          "start": { "line": 445, "column": 57 },
          "end": { "line": 449, "column": 7 }
        }
      },
      "53": {
        "name": "(anonymous_53)",
        "decl": {
          "start": { "line": 447, "column": 26 },
          "end": { "line": 447, "column": 27 }
        },
        "loc": {
          "start": { "line": 447, "column": 39 },
          "end": { "line": 447, "column": 62 }
        }
      },
      "54": {
        "name": "(anonymous_54)",
        "decl": {
          "start": { "line": 459, "column": 38 },
          "end": { "line": 459, "column": 41 }
        },
        "loc": {
          "start": { "line": 459, "column": 43 },
          "end": { "line": 477, "column": 5 }
        }
      },
      "55": {
        "name": "(anonymous_55)",
        "decl": {
          "start": { "line": 462, "column": 29 },
          "end": { "line": 462, "column": 30 }
        },
        "loc": {
          "start": { "line": 462, "column": 45 },
          "end": { "line": 464, "column": 7 }
        }
      },
      "56": {
        "name": "(anonymous_56)",
        "decl": {
          "start": { "line": 466, "column": 29 },
          "end": { "line": 466, "column": 30 }
        },
        "loc": {
          "start": { "line": 466, "column": 58 },
          "end": { "line": 468, "column": 7 }
        }
      },
      "57": {
        "name": "(anonymous_57)",
        "decl": {
          "start": { "line": 479, "column": 43 },
          "end": { "line": 479, "column": 46 }
        },
        "loc": {
          "start": { "line": 479, "column": 48 },
          "end": { "line": 492, "column": 5 }
        }
      },
      "58": {
        "name": "(anonymous_58)",
        "decl": {
          "start": { "line": 480, "column": 28 },
          "end": { "line": 480, "column": 29 }
        },
        "loc": {
          "start": { "line": 480, "column": 44 },
          "end": { "line": 486, "column": 7 }
        }
      },
      "59": {
        "name": "(anonymous_59)",
        "decl": {
          "start": { "line": 495, "column": 29 },
          "end": { "line": 495, "column": 32 }
        },
        "loc": {
          "start": { "line": 495, "column": 34 },
          "end": { "line": 533, "column": 3 }
        }
      },
      "60": {
        "name": "(anonymous_60)",
        "decl": {
          "start": { "line": 496, "column": 42 },
          "end": { "line": 496, "column": 47 }
        },
        "loc": {
          "start": { "line": 496, "column": 53 },
          "end": { "line": 505, "column": 5 }
        }
      },
      "61": {
        "name": "(anonymous_61)",
        "decl": {
          "start": { "line": 507, "column": 46 },
          "end": { "line": 507, "column": 51 }
        },
        "loc": {
          "start": { "line": 507, "column": 57 },
          "end": { "line": 518, "column": 5 }
        }
      },
      "62": {
        "name": "(anonymous_62)",
        "decl": {
          "start": { "line": 520, "column": 47 },
          "end": { "line": 520, "column": 52 }
        },
        "loc": {
          "start": { "line": 520, "column": 58 },
          "end": { "line": 532, "column": 5 }
        }
      }
    },
    "branchMap": {
      "0": {
        "loc": {
          "start": { "line": 482, "column": 8 },
          "end": { "line": 484, "column": 9 }
        },
        "type": "if",
        "locations": [
          {
            "start": { "line": 482, "column": 8 },
            "end": { "line": 484, "column": 9 }
          },
          { "start": {}, "end": {} }
        ]
      }
    },
    "s": {
      "0": 0,
      "1": 0,
      "2": 0,
      "3": 0,
      "4": 0,
      "5": 0,
      "6": 0,
      "7": 0,
      "8": 0,
      "9": 0,
      "10": 0,
      "11": 0,
      "12": 0,
      "13": 0,
      "14": 0,
      "15": 0,
      "16": 0,
      "17": 0,
      "18": 0,
      "19": 0,
      "20": 0,
      "21": 0,
      "22": 0,
      "23": 0,
      "24": 0,
      "25": 0,
      "26": 0,
      "27": 0,
      "28": 0,
      "29": 0,
      "30": 0,
      "31": 0,
      "32": 0,
      "33": 0,
      "34": 0,
      "35": 0,
      "36": 0,
      "37": 0,
      "38": 0,
      "39": 0,
      "40": 0,
      "41": 0,
      "42": 0,
      "43": 0,
      "44": 0,
      "45": 0,
      "46": 0,
      "47": 0,
      "48": 0,
      "49": 0,
      "50": 0,
      "51": 0,
      "52": 0,
      "53": 0,
      "54": 0,
      "55": 0,
      "56": 0,
      "57": 0,
      "58": 0,
      "59": 0,
      "60": 0,
      "61": 0,
      "62": 0,
      "63": 0,
      "64": 0,
      "65": 0,
      "66": 0,
      "67": 0,
      "68": 0,
      "69": 0,
      "70": 0,
      "71": 0,
      "72": 0,
      "73": 0,
      "74": 0,
      "75": 0,
      "76": 0,
      "77": 0,
      "78": 0,
      "79": 0,
      "80": 0,
      "81": 0,
      "82": 0,
      "83": 0,
      "84": 0,
      "85": 0,
      "86": 0,
      "87": 0,
      "88": 0,
      "89": 0,
      "90": 0,
      "91": 0,
      "92": 0,
      "93": 0,
      "94": 0,
      "95": 0,
      "96": 0,
      "97": 0,
      "98": 0,
      "99": 0,
      "100": 0,
      "101": 0,
      "102": 0,
      "103": 0,
      "104": 0,
      "105": 0,
      "106": 0,
      "107": 0,
      "108": 0,
      "109": 0,
      "110": 0,
      "111": 0,
      "112": 0,
      "113": 0,
      "114": 0,
      "115": 0,
      "116": 0,
      "117": 0,
      "118": 0,
      "119": 0,
      "120": 0,
      "121": 0,
      "122": 0,
      "123": 0,
      "124": 0,
      "125": 0,
      "126": 0,
      "127": 0,
      "128": 0,
      "129": 0,
      "130": 0,
      "131": 0,
      "132": 0,
      "133": 0,
      "134": 0,
      "135": 0,
      "136": 0,
      "137": 0,
      "138": 0,
      "139": 0,
      "140": 0,
      "141": 0,
      "142": 0,
      "143": 0,
      "144": 0,
      "145": 0,
      "146": 0,
      "147": 0,
      "148": 0,
      "149": 0,
      "150": 0,
      "151": 0,
      "152": 0,
      "153": 0,
      "154": 0,
      "155": 0,
      "156": 0,
      "157": 0,
      "158": 0,
      "159": 0,
      "160": 0,
      "161": 0,
      "162": 0,
      "163": 0,
      "164": 0,
      "165": 0,
      "166": 0,
      "167": 0,
      "168": 0,
      "169": 0,
      "170": 0,
      "171": 0,
      "172": 0,
      "173": 0,
      "174": 0,
      "175": 0,
      "176": 0,
      "177": 0,
      "178": 0,
      "179": 0,
      "180": 0,
      "181": 0,
      "182": 0,
      "183": 0,
      "184": 0,
      "185": 0,
      "186": 0,
      "187": 0,
      "188": 0,
      "189": 0,
      "190": 0,
      "191": 0,
      "192": 0,
      "193": 0,
      "194": 0,
      "195": 0,
      "196": 0,
      "197": 0,
      "198": 0,
      "199": 0,
      "200": 0,
      "201": 0,
      "202": 0,
      "203": 0,
      "204": 0,
      "205": 0,
      "206": 0,
      "207": 0,
      "208": 0,
      "209": 0,
      "210": 0,
      "211": 0,
      "212": 0,
      "213": 0,
      "214": 0,
      "215": 0,
      "216": 0,
      "217": 0,
      "218": 0,
      "219": 0,
      "220": 0,
      "221": 0,
      "222": 0
    },
    "f": {
      "0": 0,
      "1": 0,
      "2": 0,
      "3": 0,
      "4": 0,
      "5": 0,
      "6": 0,
      "7": 0,
      "8": 0,
      "9": 0,
      "10": 0,
      "11": 0,
      "12": 0,
      "13": 0,
      "14": 0,
      "15": 0,
      "16": 0,
      "17": 0,
      "18": 0,
      "19": 0,
      "20": 0,
      "21": 0,
      "22": 0,
      "23": 0,
      "24": 0,
      "25": 0,
      "26": 0,
      "27": 0,
      "28": 0,
      "29": 0,
      "30": 0,
      "31": 0,
      "32": 0,
      "33": 0,
      "34": 0,
      "35": 0,
      "36": 0,
      "37": 0,
      "38": 0,
      "39": 0,
      "40": 0,
      "41": 0,
      "42": 0,
      "43": 0,
      "44": 0,
      "45": 0,
      "46": 0,
      "47": 0,
      "48": 0,
      "49": 0,
      "50": 0,
      "51": 0,
      "52": 0,
      "53": 0,
      "54": 0,
      "55": 0,
      "56": 0,
      "57": 0,
      "58": 0,
      "59": 0,
      "60": 0,
      "61": 0,
      "62": 0
    },
    "b": { "0": [0, 0] }
  },
  "/Users/jason/projects/wellflow/apps/api/src/database/database.service.ts": {
    "path": "/Users/jason/projects/wellflow/apps/api/src/database/database.service.ts",
    "statementMap": {
      "0": {
        "start": { "line": 1, "column": 0 },
        "end": { "line": 1, "column": 75 }
      },
      "1": {
        "start": { "line": 2, "column": 0 },
        "end": { "line": 2, "column": 47 }
      },
      "2": {
        "start": { "line": 3, "column": 0 },
        "end": { "line": 3, "column": 68 }
      },
      "3": {
        "start": { "line": 4, "column": 0 },
        "end": { "line": 4, "column": 26 }
      },
      "4": {
        "start": { "line": 5, "column": 0 },
        "end": { "line": 5, "column": 35 }
      },
      "5": {
        "start": { "line": 6, "column": 0 },
        "end": { "line": 6, "column": null }
      },
      "6": {
        "start": { "line": 12, "column": 7 },
        "end": { "line": 156, "column": null }
      },
      "7": {
        "start": { "line": 18, "column": 22 },
        "end": { "line": 18, "column": 37 }
      },
      "8": {
        "start": { "line": 21, "column": 4 },
        "end": { "line": 30, "column": 7 }
      },
      "9": {
        "start": { "line": 32, "column": 4 },
        "end": { "line": 32, "column": 45 }
      },
      "10": {
        "start": { "line": 35, "column": 4 },
        "end": { "line": 35, "column": 57 }
      },
      "11": {
        "start": { "line": 36, "column": 4 },
        "end": { "line": 36, "column": 46 }
      },
      "12": {
        "start": { "line": 39, "column": 4 },
        "end": { "line": 45, "column": 5 }
      },
      "13": {
        "start": { "line": 40, "column": 6 },
        "end": { "line": 40, "column": 40 }
      },
      "14": {
        "start": { "line": 41, "column": 6 },
        "end": { "line": 41, "column": 55 }
      },
      "15": {
        "start": { "line": 43, "column": 6 },
        "end": { "line": 43, "column": 60 }
      },
      "16": {
        "start": { "line": 44, "column": 6 },
        "end": { "line": 44, "column": 18 }
      },
      "17": {
        "start": { "line": 49, "column": 4 },
        "end": { "line": 51, "column": 6 }
      },
      "18": {
        "start": { "line": 55, "column": 4 },
        "end": { "line": 58, "column": 5 }
      },
      "19": {
        "start": { "line": 56, "column": 6 },
        "end": { "line": 56, "column": 28 }
      },
      "20": {
        "start": { "line": 57, "column": 6 },
        "end": { "line": 57, "column": 51 }
      },
      "21": {
        "start": { "line": 62, "column": 4 },
        "end": { "line": 62, "column": 19 }
      },
      "22": {
        "start": { "line": 66, "column": 4 },
        "end": { "line": 66, "column": 29 }
      },
      "23": {
        "start": { "line": 70, "column": 4 },
        "end": { "line": 70, "column": 27 }
      },
      "24": {
        "start": { "line": 79, "column": 4 },
        "end": { "line": 91, "column": 5 }
      },
      "25": {
        "start": { "line": 81, "column": 6 },
        "end": { "line": 81, "column": 57 }
      },
      "26": {
        "start": { "line": 84, "column": 6 },
        "end": { "line": 87, "column": 9 }
      },
      "27": {
        "start": { "line": 89, "column": 6 },
        "end": { "line": 89, "column": 66 }
      },
      "28": {
        "start": { "line": 90, "column": 6 },
        "end": { "line": 90, "column": 68 }
      },
      "29": {
        "start": { "line": 98, "column": 4 },
        "end": { "line": 110, "column": 5 }
      },
      "30": {
        "start": { "line": 100, "column": 6 },
        "end": { "line": 103, "column": 9 }
      },
      "31": {
        "start": { "line": 106, "column": 6 },
        "end": { "line": 106, "column": 42 }
      },
      "32": {
        "start": { "line": 108, "column": 6 },
        "end": { "line": 108, "column": 68 }
      },
      "33": {
        "start": { "line": 109, "column": 6 },
        "end": { "line": 109, "column": 62 }
      },
      "34": {
        "start": { "line": 117, "column": 4 },
        "end": { "line": 127, "column": 5 }
      },
      "35": {
        "start": { "line": 118, "column": 21 },
        "end": { "line": 120, "column": null }
      },
      "36": {
        "start": { "line": 122, "column": 18 },
        "end": { "line": 122, "column": 67 }
      },
      "37": {
        "start": { "line": 123, "column": 6 },
        "end": { "line": 123, "column": 33 }
      },
      "38": {
        "start": { "line": 125, "column": 6 },
        "end": { "line": 125, "column": 74 }
      },
      "39": {
        "start": { "line": 126, "column": 6 },
        "end": { "line": 126, "column": 18 }
      },
      "40": {
        "start": { "line": 138, "column": 4 },
        "end": { "line": 138, "column": 54 }
      },
      "41": {
        "start": { "line": 139, "column": 4 },
        "end": { "line": 143, "column": 5 }
      },
      "42": {
        "start": { "line": 140, "column": 6 },
        "end": { "line": 140, "column": 31 }
      },
      "43": {
        "start": { "line": 142, "column": 6 },
        "end": { "line": 142, "column": 44 }
      },
      "44": {
        "start": { "line": 153, "column": 4 },
        "end": { "line": 153, "column": 54 }
      },
      "45": {
        "start": { "line": 154, "column": 4 },
        "end": { "line": 154, "column": 19 }
      },
      "46": {
        "start": { "line": 12, "column": 13 },
        "end": { "line": 12, "column": 28 }
      },
      "47": {
        "start": { "line": 12, "column": 13 },
        "end": { "line": 156, "column": null }
      }
    },
    "fnMap": {
      "0": {
        "name": "(anonymous_11)",
        "decl": {
          "start": { "line": 18, "column": 2 },
          "end": { "line": 18, "column": 22 }
        },
        "loc": {
          "start": { "line": 18, "column": 50 },
          "end": { "line": 18, "column": 54 }
        }
      },
      "1": {
        "name": "(anonymous_12)",
        "decl": {
          "start": { "line": 20, "column": 2 },
          "end": { "line": 20, "column": 7 }
        },
        "loc": {
          "start": { "line": 20, "column": 20 },
          "end": { "line": 52, "column": 3 }
        }
      },
      "2": {
        "name": "(anonymous_13)",
        "decl": {
          "start": { "line": 54, "column": 2 },
          "end": { "line": 54, "column": 7 }
        },
        "loc": {
          "start": { "line": 54, "column": 23 },
          "end": { "line": 59, "column": 3 }
        }
      },
      "3": {
        "name": "(anonymous_14)",
        "decl": {
          "start": { "line": 61, "column": 2 },
          "end": { "line": 61, "column": 7 }
        },
        "loc": {
          "start": { "line": 61, "column": 7 },
          "end": { "line": 63, "column": 3 }
        }
      },
      "4": {
        "name": "(anonymous_15)",
        "decl": {
          "start": { "line": 65, "column": 2 },
          "end": { "line": 65, "column": 17 }
        },
        "loc": {
          "start": { "line": 65, "column": 17 },
          "end": { "line": 67, "column": 3 }
        }
      },
      "5": {
        "name": "(anonymous_16)",
        "decl": {
          "start": { "line": 69, "column": 2 },
          "end": { "line": 69, "column": 15 }
        },
        "loc": {
          "start": { "line": 69, "column": 15 },
          "end": { "line": 71, "column": 3 }
        }
      },
      "6": {
        "name": "(anonymous_17)",
        "decl": {
          "start": { "line": 78, "column": 2 },
          "end": { "line": 78, "column": 7 }
        },
        "loc": {
          "start": { "line": 78, "column": 53 },
          "end": { "line": 92, "column": 3 }
        }
      },
      "7": {
        "name": "(anonymous_18)",
        "decl": {
          "start": { "line": 97, "column": 2 },
          "end": { "line": 97, "column": 7 }
        },
        "loc": {
          "start": { "line": 97, "column": 32 },
          "end": { "line": 111, "column": 3 }
        }
      },
      "8": {
        "name": "(anonymous_19)",
        "decl": {
          "start": { "line": 116, "column": 2 },
          "end": { "line": 116, "column": 7 }
        },
        "loc": {
          "start": { "line": 116, "column": 32 },
          "end": { "line": 128, "column": 3 }
        }
      },
      "9": {
        "name": "(anonymous_20)",
        "decl": {
          "start": { "line": 134, "column": 2 },
          "end": { "line": 134, "column": 7 }
        },
        "loc": {
          "start": { "line": 136, "column": 31 },
          "end": { "line": 144, "column": 3 }
        }
      },
      "10": {
        "name": "(anonymous_21)",
        "decl": {
          "start": { "line": 150, "column": 2 },
          "end": { "line": 150, "column": 7 }
        },
        "loc": {
          "start": { "line": 151, "column": 26 },
          "end": { "line": 155, "column": 3 }
        }
      }
    },
    "branchMap": {
      "0": {
        "loc": {
          "start": { "line": 55, "column": 4 },
          "end": { "line": 58, "column": 5 }
        },
        "type": "if",
        "locations": [
          {
            "start": { "line": 55, "column": 4 },
            "end": { "line": 58, "column": 5 }
          },
          { "start": {}, "end": {} }
        ]
      },
      "1": {
        "loc": {
          "start": { "line": 55, "column": 8 },
          "end": { "line": 55, "column": 37 }
        },
        "type": "binary-expr",
        "locations": [
          {
            "start": { "line": 55, "column": 8 },
            "end": { "line": 55, "column": 17 }
          },
          {
            "start": { "line": 55, "column": 21 },
            "end": { "line": 55, "column": 37 }
          }
        ]
      },
      "2": {
        "loc": {
          "start": { "line": 123, "column": 13 },
          "end": { "line": 123, "column": 32 }
        },
        "type": "binary-expr",
        "locations": [
          {
            "start": { "line": 123, "column": 13 },
            "end": { "line": 123, "column": 24 }
          },
          {
            "start": { "line": 123, "column": 28 },
            "end": { "line": 123, "column": 32 }
          }
        ]
      },
      "3": {
        "loc": {
          "start": { "line": 18, "column": 37 },
          "end": { "line": 18, "column": 53 }
        },
        "type": "cond-expr",
        "locations": [
          {
            "start": { "line": 18, "column": 50 },
            "end": { "line": 18, "column": 53 }
          },
          {
            "start": { "line": 18, "column": 50 },
            "end": { "line": 18, "column": 53 }
          }
        ]
      },
      "4": {
        "loc": {
          "start": { "line": 18, "column": 37 },
          "end": { "line": 18, "column": 50 }
        },
        "type": "binary-expr",
        "locations": [
          {
            "start": { "line": 18, "column": 37 },
            "end": { "line": 18, "column": 53 }
          },
          {
            "start": { "line": 18, "column": 37 },
            "end": { "line": 18, "column": 50 }
          }
        ]
      }
    },
    "s": {
      "0": 4,
      "1": 4,
      "2": 4,
      "3": 4,
      "4": 4,
      "5": 4,
      "6": 4,
      "7": 17,
      "8": 10,
      "9": 10,
      "10": 10,
      "11": 10,
      "12": 10,
      "13": 10,
      "14": 9,
      "15": 1,
      "16": 1,
      "17": 9,
      "18": 11,
      "19": 4,
      "20": 3,
      "21": 10,
      "22": 0,
      "23": 0,
      "24": 13,
      "25": 13,
      "26": 13,
      "27": 0,
      "28": 0,
      "29": 19,
      "30": 19,
      "31": 19,
      "32": 0,
      "33": 0,
      "34": 2,
      "35": 2,
      "36": 2,
      "37": 2,
      "38": 0,
      "39": 0,
      "40": 2,
      "41": 2,
      "42": 2,
      "43": 2,
      "44": 0,
      "45": 0,
      "46": 4,
      "47": 4
    },
    "f": {
      "0": 17,
      "1": 10,
      "2": 11,
      "3": 10,
      "4": 0,
      "5": 0,
      "6": 13,
      "7": 19,
      "8": 2,
      "9": 2,
      "10": 0
    },
    "b": { "0": [4, 7], "1": [11, 6], "2": [2, 1], "3": [4, 0], "4": [4, 4] }
  },
  "/Users/jason/projects/wellflow/apps/api/src/database/schema.ts": {
    "path": "/Users/jason/projects/wellflow/apps/api/src/database/schema.ts",
    "statementMap": {
      "0": {
        "start": { "line": 2, "column": 0 },
        "end": { "line": 2, "column": 32 }
      },
      "1": {
        "start": { "line": 5, "column": 0 },
        "end": { "line": 5, "column": 36 }
      },
      "2": {
        "start": { "line": 8, "column": 0 },
        "end": { "line": 8, "column": 32 }
      }
    },
    "fnMap": {},
    "branchMap": {},
    "s": { "0": 18, "1": 18, "2": 18 },
    "f": {},
    "b": {}
  },
  "/Users/jason/projects/wellflow/apps/api/src/database/seed.spec.ts": {
    "path": "/Users/jason/projects/wellflow/apps/api/src/database/seed.spec.ts",
    "statementMap": {
      "0": {
        "start": { "line": 10, "column": 0 },
        "end": { "line": 10, "column": 16 }
      },
      "1": {
        "start": { "line": 11, "column": 0 },
        "end": { "line": 11, "column": 39 }
      },
      "2": {
        "start": { "line": 12, "column": 0 },
        "end": { "line": 37, "column": 4 }
      },
      "3": {
        "start": { "line": 12, "column": 29 },
        "end": { "line": 37, "column": 2 }
      },
      "4": {
        "start": { "line": 6, "column": 0 },
        "end": { "line": 6, "column": 26 }
      },
      "5": {
        "start": { "line": 7, "column": 0 },
        "end": { "line": 7, "column": 52 }
      },
      "6": {
        "start": { "line": 40, "column": 0 },
        "end": { "line": 40, "column": 37 }
      },
      "7": {
        "start": { "line": 42, "column": 0 },
        "end": { "line": 412, "column": 3 }
      },
      "8": {
        "start": { "line": 48, "column": 2 },
        "end": { "line": 85, "column": 5 }
      },
      "9": {
        "start": { "line": 50, "column": 4 },
        "end": { "line": 50, "column": 25 }
      },
      "10": {
        "start": { "line": 53, "column": 4 },
        "end": { "line": 57, "column": 13 }
      },
      "11": {
        "start": { "line": 59, "column": 5 },
        "end": { "line": 59, "column": 79 }
      },
      "12": {
        "start": { "line": 59, "column": 69 },
        "end": { "line": 59, "column": 77 }
      },
      "13": {
        "start": { "line": 62, "column": 4 },
        "end": { "line": 62, "column": 58 }
      },
      "14": {
        "start": { "line": 63, "column": 4 },
        "end": { "line": 63, "column": 67 }
      },
      "15": {
        "start": { "line": 65, "column": 4 },
        "end": { "line": 74, "column": 6 }
      },
      "16": {
        "start": { "line": 76, "column": 5 },
        "end": { "line": 76, "column": 45 }
      },
      "17": {
        "start": { "line": 80, "column": 4 },
        "end": { "line": 80, "column": 41 }
      },
      "18": {
        "start": { "line": 81, "column": 4 },
        "end": { "line": 81, "column": 38 }
      },
      "19": {
        "start": { "line": 82, "column": 4 },
        "end": { "line": 82, "column": 33 }
      },
      "20": {
        "start": { "line": 83, "column": 4 },
        "end": { "line": 83, "column": 37 }
      },
      "21": {
        "start": { "line": 84, "column": 4 },
        "end": { "line": 84, "column": 42 }
      },
      "22": {
        "start": { "line": 87, "column": 2 },
        "end": { "line": 94, "column": 5 }
      },
      "23": {
        "start": { "line": 89, "column": 4 },
        "end": { "line": 89, "column": 31 }
      },
      "24": {
        "start": { "line": 90, "column": 4 },
        "end": { "line": 90, "column": 31 }
      },
      "25": {
        "start": { "line": 91, "column": 4 },
        "end": { "line": 91, "column": 31 }
      },
      "26": {
        "start": { "line": 92, "column": 4 },
        "end": { "line": 92, "column": 35 }
      },
      "27": {
        "start": { "line": 93, "column": 4 },
        "end": { "line": 93, "column": 31 }
      },
      "28": {
        "start": { "line": 96, "column": 2 },
        "end": { "line": 143, "column": 5 }
      },
      "29": {
        "start": { "line": 97, "column": 4 },
        "end": { "line": 118, "column": 7 }
      },
      "30": {
        "start": { "line": 99, "column": 22 },
        "end": { "line": 99, "column": 69 }
      },
      "31": {
        "start": { "line": 101, "column": 6 },
        "end": { "line": 117, "column": 7 }
      },
      "32": {
        "start": { "line": 102, "column": 8 },
        "end": { "line": 109, "column": 11 }
      },
      "33": {
        "start": { "line": 110, "column": 8 },
        "end": { "line": 110, "column": 75 }
      },
      "34": {
        "start": { "line": 111, "column": 8 },
        "end": { "line": 111, "column": 40 }
      },
      "35": {
        "start": { "line": 112, "column": 8 },
        "end": { "line": 112, "column": 42 }
      },
      "36": {
        "start": { "line": 115, "column": 8 },
        "end": { "line": 115, "column": 41 }
      },
      "37": {
        "start": { "line": 116, "column": 8 },
        "end": { "line": 116, "column": 49 }
      },
      "38": {
        "start": { "line": 120, "column": 4 },
        "end": { "line": 142, "column": 7 }
      },
      "39": {
        "start": { "line": 122, "column": 6 },
        "end": { "line": 122, "column": 33 }
      },
      "40": {
        "start": { "line": 123, "column": 6 },
        "end": { "line": 123, "column": 33 }
      },
      "41": {
        "start": { "line": 124, "column": 6 },
        "end": { "line": 124, "column": 33 }
      },
      "42": {
        "start": { "line": 125, "column": 6 },
        "end": { "line": 125, "column": 37 }
      },
      "43": {
        "start": { "line": 126, "column": 6 },
        "end": { "line": 126, "column": 33 }
      },
      "44": {
        "start": { "line": 128, "column": 22 },
        "end": { "line": 128, "column": 69 }
      },
      "45": {
        "start": { "line": 130, "column": 6 },
        "end": { "line": 138, "column": 7 }
      },
      "46": {
        "start": { "line": 131, "column": 8 },
        "end": { "line": 137, "column": 11 }
      },
      "47": {
        "start": { "line": 141, "column": 6 },
        "end": { "line": 141, "column": 39 }
      },
      "48": {
        "start": { "line": 145, "column": 2 },
        "end": { "line": 237, "column": 5 }
      },
      "49": {
        "start": { "line": 146, "column": 4 },
        "end": { "line": 166, "column": 7 }
      },
      "50": {
        "start": { "line": 147, "column": 40 },
        "end": { "line": 148, "column": 33 }
      },
      "51": {
        "start": { "line": 150, "column": 6 },
        "end": { "line": 165, "column": 7 }
      },
      "52": {
        "start": { "line": 151, "column": 8 },
        "end": { "line": 151, "column": 47 }
      },
      "53": {
        "start": { "line": 153, "column": 8 },
        "end": { "line": 153, "column": 49 }
      },
      "54": {
        "start": { "line": 154, "column": 8 },
        "end": { "line": 160, "column": 10 }
      },
      "55": {
        "start": { "line": 163, "column": 8 },
        "end": { "line": 163, "column": 41 }
      },
      "56": {
        "start": { "line": 164, "column": 8 },
        "end": { "line": 164, "column": 73 }
      },
      "57": {
        "start": { "line": 168, "column": 4 },
        "end": { "line": 180, "column": 7 }
      },
      "58": {
        "start": { "line": 169, "column": 33 },
        "end": { "line": 169, "column": 69 }
      },
      "59": {
        "start": { "line": 171, "column": 6 },
        "end": { "line": 179, "column": 7 }
      },
      "60": {
        "start": { "line": 172, "column": 8 },
        "end": { "line": 172, "column": 43 }
      },
      "61": {
        "start": { "line": 174, "column": 8 },
        "end": { "line": 174, "column": 49 }
      },
      "62": {
        "start": { "line": 175, "column": 8 },
        "end": { "line": 175, "column": 46 }
      },
      "63": {
        "start": { "line": 178, "column": 8 },
        "end": { "line": 178, "column": 41 }
      },
      "64": {
        "start": { "line": 182, "column": 4 },
        "end": { "line": 194, "column": 7 }
      },
      "65": {
        "start": { "line": 183, "column": 33 },
        "end": { "line": 183, "column": 69 }
      },
      "66": {
        "start": { "line": 185, "column": 6 },
        "end": { "line": 193, "column": 7 }
      },
      "67": {
        "start": { "line": 186, "column": 8 },
        "end": { "line": 186, "column": 43 }
      },
      "68": {
        "start": { "line": 188, "column": 8 },
        "end": { "line": 188, "column": 49 }
      },
      "69": {
        "start": { "line": 189, "column": 8 },
        "end": { "line": 189, "column": 46 }
      },
      "70": {
        "start": { "line": 192, "column": 8 },
        "end": { "line": 192, "column": 41 }
      },
      "71": {
        "start": { "line": 196, "column": 4 },
        "end": { "line": 208, "column": 7 }
      },
      "72": {
        "start": { "line": 197, "column": 34 },
        "end": { "line": 197, "column": 71 }
      },
      "73": {
        "start": { "line": 199, "column": 6 },
        "end": { "line": 207, "column": 7 }
      },
      "74": {
        "start": { "line": 200, "column": 8 },
        "end": { "line": 200, "column": 44 }
      },
      "75": {
        "start": { "line": 202, "column": 8 },
        "end": { "line": 202, "column": 49 }
      },
      "76": {
        "start": { "line": 203, "column": 8 },
        "end": { "line": 203, "column": 46 }
      },
      "77": {
        "start": { "line": 206, "column": 8 },
        "end": { "line": 206, "column": 41 }
      },
      "78": {
        "start": { "line": 210, "column": 4 },
        "end": { "line": 222, "column": 7 }
      },
      "79": {
        "start": { "line": 211, "column": 36 },
        "end": { "line": 211, "column": 75 }
      },
      "80": {
        "start": { "line": 213, "column": 6 },
        "end": { "line": 221, "column": 7 }
      },
      "81": {
        "start": { "line": 214, "column": 8 },
        "end": { "line": 214, "column": 46 }
      },
      "82": {
        "start": { "line": 216, "column": 8 },
        "end": { "line": 216, "column": 49 }
      },
      "83": {
        "start": { "line": 217, "column": 8 },
        "end": { "line": 217, "column": 46 }
      },
      "84": {
        "start": { "line": 220, "column": 8 },
        "end": { "line": 220, "column": 41 }
      },
      "85": {
        "start": { "line": 224, "column": 4 },
        "end": { "line": 236, "column": 7 }
      },
      "86": {
        "start": { "line": 225, "column": 38 },
        "end": { "line": 225, "column": 79 }
      },
      "87": {
        "start": { "line": 227, "column": 6 },
        "end": { "line": 235, "column": 7 }
      },
      "88": {
        "start": { "line": 228, "column": 8 },
        "end": { "line": 228, "column": 50 }
      },
      "89": {
        "start": { "line": 230, "column": 8 },
        "end": { "line": 230, "column": 49 }
      },
      "90": {
        "start": { "line": 231, "column": 8 },
        "end": { "line": 231, "column": 46 }
      },
      "91": {
        "start": { "line": 234, "column": 8 },
        "end": { "line": 234, "column": 41 }
      },
      "92": {
        "start": { "line": 239, "column": 2 },
        "end": { "line": 282, "column": 5 }
      },
      "93": {
        "start": { "line": 240, "column": 4 },
        "end": { "line": 261, "column": 7 }
      },
      "94": {
        "start": { "line": 241, "column": 20 },
        "end": { "line": 241, "column": 74 }
      },
      "95": {
        "start": { "line": 243, "column": 6 },
        "end": { "line": 260, "column": 7 }
      },
      "96": {
        "start": { "line": 245, "column": 27 },
        "end": { "line": 245, "column": 74 }
      },
      "97": {
        "start": { "line": 247, "column": 8 },
        "end": { "line": 255, "column": 9 }
      },
      "98": {
        "start": { "line": 248, "column": 10 },
        "end": { "line": 248, "column": 23 }
      },
      "99": {
        "start": { "line": 249, "column": 10 },
        "end": { "line": 249, "column": 48 }
      },
      "100": {
        "start": { "line": 252, "column": 10 },
        "end": { "line": 252, "column": 38 }
      },
      "101": {
        "start": { "line": 254, "column": 10 },
        "end": { "line": 254, "column": 35 }
      },
      "102": {
        "start": { "line": 258, "column": 8 },
        "end": { "line": 258, "column": 41 }
      },
      "103": {
        "start": { "line": 259, "column": 8 },
        "end": { "line": 259, "column": 49 }
      },
      "104": {
        "start": { "line": 263, "column": 4 },
        "end": { "line": 281, "column": 7 }
      },
      "105": {
        "start": { "line": 265, "column": 7 },
        "end": { "line": 267, "column": 9 }
      },
      "106": {
        "start": { "line": 266, "column": 8 },
        "end": { "line": 266, "column": 45 }
      },
      "107": {
        "start": { "line": 269, "column": 20 },
        "end": { "line": 269, "column": 74 }
      },
      "108": {
        "start": { "line": 271, "column": 6 },
        "end": { "line": 280, "column": 7 }
      },
      "109": {
        "start": { "line": 272, "column": 8 },
        "end": { "line": 276, "column": 9 }
      },
      "110": {
        "start": { "line": 273, "column": 10 },
        "end": { "line": 273, "column": 23 }
      },
      "111": {
        "start": { "line": 275, "column": 10 },
        "end": { "line": 275, "column": 38 }
      },
      "112": {
        "start": { "line": 279, "column": 8 },
        "end": { "line": 279, "column": 41 }
      },
      "113": {
        "start": { "line": 284, "column": 2 },
        "end": { "line": 355, "column": 5 }
      },
      "114": {
        "start": { "line": 285, "column": 4 },
        "end": { "line": 318, "column": 7 }
      },
      "115": {
        "start": { "line": 287, "column": 30 },
        "end": { "line": 292, "column": 8 }
      },
      "116": {
        "start": { "line": 294, "column": 6 },
        "end": { "line": 314, "column": 9 }
      },
      "117": {
        "start": { "line": 296, "column": 8 },
        "end": { "line": 309, "column": 9 }
      },
      "118": {
        "start": { "line": 298, "column": 12 },
        "end": { "line": 298, "column": 62 }
      },
      "119": {
        "start": { "line": 299, "column": 12 },
        "end": { "line": 299, "column": 18 }
      },
      "120": {
        "start": { "line": 301, "column": 12 },
        "end": { "line": 301, "column": 62 }
      },
      "121": {
        "start": { "line": 302, "column": 12 },
        "end": { "line": 302, "column": 18 }
      },
      "122": {
        "start": { "line": 304, "column": 12 },
        "end": { "line": 304, "column": 68 }
      },
      "123": {
        "start": { "line": 305, "column": 12 },
        "end": { "line": 305, "column": 18 }
      },
      "124": {
        "start": { "line": 307, "column": 12 },
        "end": { "line": 307, "column": 58 }
      },
      "125": {
        "start": { "line": 308, "column": 12 },
        "end": { "line": 308, "column": 18 }
      },
      "126": {
        "start": { "line": 310, "column": 8 },
        "end": { "line": 313, "column": 9 }
      },
      "127": {
        "start": { "line": 311, "column": 25 },
        "end": { "line": 311, "column": 31 }
      },
      "128": {
        "start": { "line": 312, "column": 10 },
        "end": { "line": 312, "column": 39 }
      },
      "129": {
        "start": { "line": 317, "column": 6 },
        "end": { "line": 317, "column": 39 }
      },
      "130": {
        "start": { "line": 320, "column": 4 },
        "end": { "line": 354, "column": 7 }
      },
      "131": {
        "start": { "line": 322, "column": 34 },
        "end": { "line": 327, "column": 8 }
      },
      "132": {
        "start": { "line": 329, "column": 6 },
        "end": { "line": 350, "column": 9 }
      },
      "133": {
        "start": { "line": 331, "column": 8 },
        "end": { "line": 344, "column": 9 }
      },
      "134": {
        "start": { "line": 333, "column": 12 },
        "end": { "line": 333, "column": 64 }
      },
      "135": {
        "start": { "line": 334, "column": 12 },
        "end": { "line": 334, "column": 18 }
      },
      "136": {
        "start": { "line": 336, "column": 12 },
[...]
      }
    },
    "fnMap": {
      "0": {
        "name": "(anonymous_0)",
        "decl": {
          "start": { "line": 23, "column": 18 },
          "end": { "line": 23, "column": 21 }
        },
        "loc": {
          "start": { "line": 23, "column": 24 },
          "end": { "line": 23, "column": 49 }
        }
      },
      "1": {
        "name": "(anonymous_1)",
        "decl": {
          "start": { "line": 42, "column": 2 },
          "end": { "line": 42, "column": 3 }
        },
        "loc": {
          "start": { "line": 42, "column": 14 },
          "end": { "line": 59, "column": 4 }
        }
      }
    },
    "branchMap": {},
    "s": { "0": 18, "1": 18, "2": 18, "3": 0, "4": 20 },
    "f": { "0": 0, "1": 20 },
    "b": {}
  },
  "/Users/jason/projects/wellflow/apps/api/src/database/schemas/title-opinion-documents.ts": {
    "path": "/Users/jason/projects/wellflow/apps/api/src/database/schemas/title-opinion-documents.ts",
    "statementMap": {
      "0": {
        "start": { "line": 1, "column": 0 },
        "end": { "line": 1, "column": null }
      },
      "1": {
        "start": { "line": 10, "column": 0 },
        "end": { "line": 10, "column": 49 }
      },
      "2": {
        "start": { "line": 11, "column": 0 },
        "end": { "line": 11, "column": 40 }
      },
      "3": {
        "start": { "line": 16, "column": 13 },
        "end": { "line": 46, "column": 2 }
      },
      "4": {
        "start": { "line": 22, "column": 24 },
        "end": { "line": 22, "column": 40 }
      },
      "5": {
        "start": { "line": 25, "column": 24 },
        "end": { "line": 25, "column": 36 }
      },
      "6": {
        "start": { "line": 33, "column": 14 },
        "end": { "line": 45, "column": 4 }
      }
    },
    "fnMap": {
      "0": {
        "name": "(anonymous_0)",
        "decl": {
          "start": { "line": 22, "column": 18 },
          "end": { "line": 22, "column": 21 }
        },
        "loc": {
          "start": { "line": 22, "column": 24 },
          "end": { "line": 22, "column": 40 }
        }
      },
      "1": {
        "name": "(anonymous_1)",
        "decl": {
          "start": { "line": 25, "column": 18 },
          "end": { "line": 25, "column": 21 }
        },
        "loc": {
          "start": { "line": 25, "column": 24 },
          "end": { "line": 25, "column": 36 }
        }
      },
      "2": {
        "name": "(anonymous_2)",
        "decl": {
          "start": { "line": 33, "column": 2 },
          "end": { "line": 33, "column": 3 }
        },
        "loc": {
          "start": { "line": 33, "column": 14 },
          "end": { "line": 45, "column": 4 }
        }
      }
    },
    "branchMap": {},
    "s": { "0": 18, "1": 18, "2": 18, "3": 18, "4": 0, "5": 0, "6": 20 },
    "f": { "0": 0, "1": 0, "2": 20 },
    "b": {}
  },
  "/Users/jason/projects/wellflow/apps/api/src/database/schemas/title-opinions.ts": {
    "path": "/Users/jason/projects/wellflow/apps/api/src/database/schemas/title-opinions.ts",
    "statementMap": {
      "0": {
        "start": { "line": 1, "column": 0 },
        "end": { "line": 1, "column": null }
      },
      "1": {
        "start": { "line": 10, "column": 0 },
        "end": { "line": 10, "column": 48 }
      },
      "2": {
        "start": { "line": 11, "column": 0 },
        "end": { "line": 11, "column": 34 }
      },
      "3": {
        "start": { "line": 16, "column": 13 },
        "end": { "line": 51, "column": 2 }
      },
      "4": {
        "start": { "line": 22, "column": 24 },
        "end": { "line": 22, "column": 40 }
      },
      "5": {
        "start": { "line": 25, "column": 24 },
        "end": { "line": 25, "column": 33 }
      },
      "6": {
        "start": { "line": 36, "column": 14 },
        "end": { "line": 50, "column": 4 }
      }
    },
    "fnMap": {
      "0": {
        "name": "(anonymous_0)",
        "decl": {
          "start": { "line": 22, "column": 18 },
          "end": { "line": 22, "column": 21 }
        },
        "loc": {
          "start": { "line": 22, "column": 24 },
          "end": { "line": 22, "column": 40 }
        }
      },
      "1": {
        "name": "(anonymous_1)",
        "decl": {
          "start": { "line": 25, "column": 18 },
          "end": { "line": 25, "column": 21 }
        },
        "loc": {
          "start": { "line": 25, "column": 24 },
          "end": { "line": 25, "column": 33 }
        }
      },
      "2": {
        "name": "(anonymous_2)",
        "decl": {
          "start": { "line": 36, "column": 2 },
          "end": { "line": 36, "column": 3 }
        },
        "loc": {
          "start": { "line": 36, "column": 14 },
          "end": { "line": 50, "column": 4 }
        }
      }
    },
    "branchMap": {},
    "s": { "0": 18, "1": 18, "2": 18, "3": 18, "4": 0, "5": 0, "6": 20 },
    "f": { "0": 0, "1": 0, "2": 20 },
    "b": {}
  },
  "/Users/jason/projects/wellflow/apps/api/src/database/schemas/users.ts": {
    "path": "/Users/jason/projects/wellflow/apps/api/src/database/schemas/users.ts",
    "statementMap": {
      "0": {
        "start": { "line": 1, "column": 0 },
        "end": { "line": 1, "column": null }
      },
      "1": {
        "start": { "line": 11, "column": 0 },
        "end": { "line": 11, "column": 48 }
      },
      "2": {
        "start": { "line": 16, "column": 13 },
        "end": { "line": 16, "column": 80 }
      },
      "3": {
        "start": { "line": 22, "column": 13 },
        "end": { "line": 45, "column": 2 }
      },
      "4": {
        "start": { "line": 28, "column": 24 },
        "end": { "line": 28, "column": 40 }
      },
      "5": {
        "start": { "line": 39, "column": 14 },
        "end": { "line": 44, "column": 4 }
      }
    },
    "fnMap": {
      "0": {
        "name": "(anonymous_0)",
        "decl": {
          "start": { "line": 28, "column": 18 },
          "end": { "line": 28, "column": 21 }
        },
        "loc": {
          "start": { "line": 28, "column": 24 },
          "end": { "line": 28, "column": 40 }
        }
      },
      "1": {
        "name": "(anonymous_1)",
        "decl": {
          "start": { "line": 39, "column": 2 },
          "end": { "line": 39, "column": 3 }
        },
        "loc": {
          "start": { "line": 39, "column": 14 },
          "end": { "line": 44, "column": 4 }
        }
      }
    },
    "branchMap": {},
    "s": { "0": 18, "1": 18, "2": 18, "3": 18, "4": 0, "5": 20 },
    "f": { "0": 0, "1": 20 },
    "b": {}
  },
  "/Users/jason/projects/wellflow/apps/api/src/database/schemas/vendor-contacts.ts": {
    "path": "/Users/jason/projects/wellflow/apps/api/src/database/schemas/vendor-contacts.ts",
    "statementMap": {
      "0": {
        "start": { "line": 1, "column": 0 },
        "end": { "line": 1, "column": null }
      },
      "1": {
        "start": { "line": 11, "column": 0 },
        "end": { "line": 11, "column": 36 }
      },
      "2": {
        "start": { "line": 14, "column": 13 },
        "end": { "line": 22, "column": 3 }
      },
      "3": {
        "start": { "line": 27, "column": 13 },
        "end": { "line": 86, "column": 2 }
      },
      "4": {
        "start": { "line": 33, "column": 24 },
        "end": { "line": 33, "column": 34 }
      },
      "5": {
        "start": { "line": 74, "column": 14 },
        "end": { "line": 85, "column": 4 }
      }
    },
    "fnMap": {
      "0": {
        "name": "(anonymous_0)",
        "decl": {
          "start": { "line": 33, "column": 18 },
          "end": { "line": 33, "column": 21 }
        },
        "loc": {
          "start": { "line": 33, "column": 24 },
          "end": { "line": 33, "column": 34 }
        }
      },
      "1": {
        "name": "(anonymous_1)",
        "decl": {
          "start": { "line": 74, "column": 2 },
          "end": { "line": 74, "column": 3 }
        },
        "loc": {
          "start": { "line": 74, "column": 14 },
          "end": { "line": 85, "column": 4 }
        }
      }
    },
    "branchMap": {},
    "s": { "0": 18, "1": 18, "2": 18, "3": 18, "4": 0, "5": 20 },
    "f": { "0": 0, "1": 20 },
    "b": {}
  },
  "/Users/jason/projects/wellflow/apps/api/src/database/schemas/vendor-contracts.ts": {
    "path": "/Users/jason/projects/wellflow/apps/api/src/database/schemas/vendor-contracts.ts",
    "statementMap": {
      "0": {
        "start": { "line": 1, "column": 0 },
        "end": { "line": 1, "column": null }
      },
      "1": {
        "start": { "line": 15, "column": 0 },
        "end": { "line": 15, "column": 36 }
      },
      "2": {
        "start": { "line": 16, "column": 0 },
        "end": { "line": 16, "column": 48 }
      },
      "3": {
        "start": { "line": 19, "column": 13 },
        "end": { "line": 26, "column": 3 }
      },
      "4": {
        "start": { "line": 28, "column": 13 },
        "end": { "line": 35, "column": 3 }
      },
      "5": {
        "start": { "line": 40, "column": 13 },
        "end": { "line": 128, "column": 2 }
      },
      "6": {
        "start": { "line": 46, "column": 24 },
        "end": { "line": 46, "column": 40 }
      },
      "7": {
        "start": { "line": 49, "column": 24 },
        "end": { "line": 49, "column": 34 }
      },
      "8": {
        "start": { "line": 108, "column": 14 },
        "end": { "line": 127, "column": 4 }
      },
      "9": {
        "start": { "line": 133, "column": 13 },
        "end": { "line": 225, "column": 2 }
      },
      "10": {
        "start": { "line": 139, "column": 24 },
        "end": { "line": 139, "column": 40 }
      },
      "11": {
        "start": { "line": 142, "column": 24 },
        "end": { "line": 142, "column": 34 }
      },
      "12": {
        "start": { "line": 143, "column": 53 },
        "end": { "line": 143, "column": 71 }
      },
      "13": {
        "start": { "line": 204, "column": 14 },
        "end": { "line": 224, "column": 4 }
      },
      "14": {
        "start": { "line": 230, "column": 13 },
        "end": { "line": 275, "column": 2 }
      },
      "15": {
        "start": { "line": 236, "column": 24 },
        "end": { "line": 236, "column": 34 }
      },
      "16": {
        "start": { "line": 261, "column": 14 },
        "end": { "line": 274, "column": 4 }
      }
    },
    "fnMap": {
      "0": {
        "name": "(anonymous_0)",
        "decl": {
          "start": { "line": 46, "column": 18 },
          "end": { "line": 46, "column": 21 }
        },
        "loc": {
          "start": { "line": 46, "column": 24 },
          "end": { "line": 46, "column": 40 }
        }
      },
      "1": {
        "name": "(anonymous_1)",
        "decl": {
          "start": { "line": 49, "column": 18 },
          "end": { "line": 49, "column": 21 }
        },
        "loc": {
          "start": { "line": 49, "column": 24 },
          "end": { "line": 49, "column": 34 }
        }
      },
      "2": {
        "name": "(anonymous_2)",
        "decl": {
          "start": { "line": 108, "column": 2 },
          "end": { "line": 108, "column": 3 }
        },
        "loc": {
          "start": { "line": 108, "column": 14 },
          "end": { "line": 127, "column": 4 }
        }
      },
      "3": {
        "name": "(anonymous_3)",
        "decl": {
          "start": { "line": 139, "column": 18 },
          "end": { "line": 139, "column": 21 }
        },
        "loc": {
          "start": { "line": 139, "column": 24 },
          "end": { "line": 139, "column": 40 }
        }
      },
      "4": {
        "name": "(anonymous_4)",
        "decl": {
          "start": { "line": 142, "column": 18 },
          "end": { "line": 142, "column": 21 }
        },
        "loc": {
          "start": { "line": 142, "column": 24 },
          "end": { "line": 142, "column": 34 }
        }
      },
      "5": {
        "name": "(anonymous_5)",
        "decl": {
          "start": { "line": 143, "column": 47 },
          "end": { "line": 143, "column": 50 }
        },
        "loc": {
          "start": { "line": 143, "column": 53 },
          "end": { "line": 143, "column": 71 }
        }
      },
      "6": {
        "name": "(anonymous_6)",
        "decl": {
          "start": { "line": 204, "column": 2 },
          "end": { "line": 204, "column": 3 }
        },
        "loc": {
          "start": { "line": 204, "column": 14 },
          "end": { "line": 224, "column": 4 }
        }
      },
      "7": {
        "name": "(anonymous_7)",
        "decl": {
          "start": { "line": 236, "column": 18 },
          "end": { "line": 236, "column": 21 }
        },
        "loc": {
          "start": { "line": 236, "column": 24 },
          "end": { "line": 236, "column": 34 }
        }
      },
      "8": {
        "name": "(anonymous_8)",
        "decl": {
          "start": { "line": 261, "column": 2 },
          "end": { "line": 261, "column": 3 }
        },
        "loc": {
          "start": { "line": 261, "column": 14 },
          "end": { "line": 274, "column": 4 }
        }
      }
    },
    "branchMap": {},
    "s": {
      "0": 18,
      "1": 18,
      "2": 18,
      "3": 18,
      "4": 18,
      "5": 18,
      "6": 0,
      "7": 0,
      "8": 20,
      "9": 18,
      "10": 0,
      "11": 0,
      "12": 0,
      "13": 20,
      "14": 18,
      "15": 0,
      "16": 20
    },
    "f": {
      "0": 0,
      "1": 0,
      "2": 20,
      "3": 0,
      "4": 0,
      "5": 0,
      "6": 20,
      "7": 0,
      "8": 20
    },
    "b": {}
  },
  "/Users/jason/projects/wellflow/apps/api/src/database/schemas/vendors.ts": {
    "path": "/Users/jason/projects/wellflow/apps/api/src/database/schemas/vendors.ts",
    "statementMap": {
      "0": {
        "start": { "line": 1, "column": 0 },
        "end": { "line": 1, "column": null }
      },
      "1": {
        "start": { "line": 15, "column": 0 },
        "end": { "line": 15, "column": 48 }
      },
      "2": {
        "start": { "line": 18, "column": 13 },
        "end": { "line": 24, "column": 3 }
      },
      "3": {
        "start": { "line": 26, "column": 13 },
        "end": { "line": 35, "column": 3 }
      },
      "4": {
        "start": { "line": 37, "column": 13 },
        "end": { "line": 44, "column": 3 }
      },
      "5": {
        "start": { "line": 49, "column": 13 },
        "end": { "line": 144, "column": 2 }
      },
      "6": {
        "start": { "line": 55, "column": 24 },
        "end": { "line": 55, "column": 40 }
      },
      "7": {
        "start": { "line": 119, "column": 14 },
        "end": { "line": 143, "column": 4 }
      }
    },
    "fnMap": {
      "0": {
        "name": "(anonymous_0)",
        "decl": {
          "start": { "line": 55, "column": 18 },
          "end": { "line": 55, "column": 21 }
        },
        "loc": {
          "start": { "line": 55, "column": 24 },
          "end": { "line": 55, "column": 40 }
        }
      },
      "1": {
        "name": "(anonymous_1)",
        "decl": {
          "start": { "line": 119, "column": 2 },
          "end": { "line": 119, "column": 3 }
        },
        "loc": {
          "start": { "line": 119, "column": 14 },
          "end": { "line": 143, "column": 4 }
        }
      }
    },
    "branchMap": {},
    "s": {
      "0": 18,
      "1": 18,
      "2": 18,
      "3": 18,
      "4": 18,
      "5": 18,
      "6": 0,
      "7": 20
    },
    "f": { "0": 0, "1": 20 },
    "b": {}
  },
  "/Users/jason/projects/wellflow/apps/api/src/database/schemas/well-tests.ts": {
    "path": "/Users/jason/projects/wellflow/apps/api/src/database/schemas/well-tests.ts",
    "statementMap": {
      "0": {
        "start": { "line": 1, "column": 0 },
        "end": { "line": 1, "column": null }
      },
      "1": {
        "start": { "line": 12, "column": 0 },
        "end": { "line": 12, "column": 32 }
      },
      "2": {
        "start": { "line": 13, "column": 0 },
        "end": { "line": 13, "column": 32 }
      },
      "3": {
        "start": { "line": 18, "column": 13 },
        "end": { "line": 52, "column": 2 }
      },
      "4": {
        "start": { "line": 24, "column": 24 },
        "end": { "line": 24, "column": 32 }
      },
      "5": {
        "start": { "line": 27, "column": 24 },
        "end": { "line": 27, "column": 32 }
      },
      "6": {
        "start": { "line": 40, "column": 14 },
        "end": { "line": 51, "column": 4 }
      }
    },
    "fnMap": {
      "0": {
        "name": "(anonymous_0)",
        "decl": {
          "start": { "line": 24, "column": 18 },
          "end": { "line": 24, "column": 21 }
        },
        "loc": {
          "start": { "line": 24, "column": 24 },
          "end": { "line": 24, "column": 32 }
        }
      },
      "1": {
        "name": "(anonymous_1)",
        "decl": {
          "start": { "line": 27, "column": 18 },
          "end": { "line": 27, "column": 21 }
        },
        "loc": {
          "start": { "line": 27, "column": 24 },
          "end": { "line": 27, "column": 32 }
        }
      },
      "2": {
        "name": "(anonymous_2)",
        "decl": {
          "start": { "line": 40, "column": 2 },
          "end": { "line": 40, "column": 3 }
        },
        "loc": {
          "start": { "line": 40, "column": 14 },
          "end": { "line": 51, "column": 4 }
        }
      }
    },
    "branchMap": {},
    "s": { "0": 18, "1": 18, "2": 18, "3": 18, "4": 0, "5": 0, "6": 20 },
    "f": { "0": 0, "1": 0, "2": 20 },
    "b": {}
  },
  "/Users/jason/projects/wellflow/apps/api/src/database/schemas/wells.ts": {
    "path": "/Users/jason/projects/wellflow/apps/api/src/database/schemas/wells.ts",
    "statementMap": {
      "0": {
        "start": { "line": 1, "column": 0 },
        "end": { "line": 1, "column": null }
      },
      "1": {
        "start": { "line": 13, "column": 0 },
        "end": { "line": 13, "column": 34 }
      },
      "2": {
        "start": { "line": 14, "column": 0 },
        "end": { "line": 14, "column": 48 }
      },
      "3": {
        "start": { "line": 15, "column": 0 },
        "end": { "line": 15, "column": 34 }
      },
      "4": {
        "start": { "line": 18, "column": 13 },
        "end": { "line": 30, "column": 3 }
      },
      "5": {
        "start": { "line": 33, "column": 13 },
        "end": { "line": 38, "column": 3 }
      },
      "6": {
        "start": { "line": 44, "column": 13 },
        "end": { "line": 84, "column": 2 }
      },
      "7": {
        "start": { "line": 50, "column": 24 },
        "end": { "line": 50, "column": 40 }
      },
      "8": {
        "start": { "line": 51, "column": 47 },
        "end": { "line": 51, "column": 56 }
      },
      "9": {
        "start": { "line": 68, "column": 14 },
        "end": { "line": 83, "column": 4 }
      }
    },
    "fnMap": {
      "0": {
        "name": "(anonymous_0)",
        "decl": {
          "start": { "line": 50, "column": 18 },
          "end": { "line": 50, "column": 21 }
        },
        "loc": {
          "start": { "line": 50, "column": 24 },
          "end": { "line": 50, "column": 40 }
        }
      },
      "1": {
        "name": "(anonymous_1)",
        "decl": {
          "start": { "line": 51, "column": 41 },
          "end": { "line": 51, "column": 44 }
        },
        "loc": {
          "start": { "line": 51, "column": 47 },
          "end": { "line": 51, "column": 56 }
        }
      },
      "2": {
        "name": "(anonymous_2)",
        "decl": {
          "start": { "line": 68, "column": 2 },
          "end": { "line": 68, "column": 3 }
        },
        "loc": {
          "start": { "line": 68, "column": 14 },
          "end": { "line": 83, "column": 4 }
        }
      }
    },
    "branchMap": {},
    "s": {
      "0": 18,
      "1": 18,
      "2": 18,
      "3": 18,
      "4": 18,
      "5": 18,
      "6": 18,
      "7": 0,
      "8": 0,
      "9": 20
    },
    "f": { "0": 0, "1": 0, "2": 20 },
    "b": {}
  }
}
