TN:
SF:src/database/database.module.ts
FN:11,(anonymous_1)
FNF:1
FNH:1
FNDA:4,(anonymous_1)
DA:1,1
DA:2,1
DA:3,1
DA:14,4
DA:21,1
LF:5
LH:5
BRF:0
BRH:0
end_of_record
TN:
SF:src/database/database.service.spec.ts
FN:6,(anonymous_0)
FN:10,(anonymous_1)
FN:32,(anonymous_2)
FN:33,(anonymous_3)
FN:40,(anonymous_4)
FN:48,(anonymous_5)
FN:54,(anonymous_6)
FN:61,(anonymous_7)
FN:62,(anonymous_8)
FN:79,(anonymous_9)
FN:87,(anonymous_10)
FN:102,(anonymous_11)
FN:103,(anonymous_12)
FN:114,(anonymous_13)
FN:118,(anonymous_14)
FN:127,(anonymous_15)
FN:135,(anonymous_16)
FN:145,(anonymous_17)
FN:154,(anonymous_18)
FN:155,(anonymous_19)
FN:174,(anonymous_20)
FN:189,(anonymous_21)
FN:204,(anonymous_22)
FN:205,(anonymous_23)
FN:224,(anonymous_24)
FN:240,(anonymous_25)
FN:265,(anonymous_26)
FN:266,(anonymous_27)
FN:274,(anonymous_28)
FN:278,(anonymous_29)
FN:289,(anonymous_30)
FN:297,(anonymous_31)
FN:307,(anonymous_32)
FN:314,(anonymous_33)
FN:324,(anonymous_34)
FN:328,(anonymous_35)
FN:332,(anonymous_36)
FN:337,(anonymous_37)
FN:350,(anonymous_38)
FN:351,(anonymous_39)
FN:357,(anonymous_40)
FN:365,(anonymous_41)
FN:376,(anonymous_42)
FN:388,(anonymous_43)
FN:389,(anonymous_44)
FN:395,(anonymous_45)
FN:406,(anonymous_46)
FN:409,(anonymous_47)
FN:423,(anonymous_48)
FN:429,(anonymous_49)
FN:441,(anonymous_50)
FN:442,(anonymous_51)
FN:445,(anonymous_52)
FN:447,(anonymous_53)
FN:459,(anonymous_54)
FN:462,(anonymous_55)
FN:466,(anonymous_56)
FN:479,(anonymous_57)
FN:480,(anonymous_58)
FN:495,(anonymous_59)
FN:496,(anonymous_60)
FN:507,(anonymous_61)
FN:520,(anonymous_62)
FNF:63
FNH:0
FNDA:0,(anonymous_0)
FNDA:0,(anonymous_1)
FNDA:0,(anonymous_2)
FNDA:0,(anonymous_3)
FNDA:0,(anonymous_4)
FNDA:0,(anonymous_5)
FNDA:0,(anonymous_6)
FNDA:0,(anonymous_7)
FNDA:0,(anonymous_8)
FNDA:0,(anonymous_9)
FNDA:0,(anonymous_10)
FNDA:0,(anonymous_11)
FNDA:0,(anonymous_12)
FNDA:0,(anonymous_13)
FNDA:0,(anonymous_14)
FNDA:0,(anonymous_15)
FNDA:0,(anonymous_16)
FNDA:0,(anonymous_17)
FNDA:0,(anonymous_18)
FNDA:0,(anonymous_19)
FNDA:0,(anonymous_20)
FNDA:0,(anonymous_21)
FNDA:0,(anonymous_22)
FNDA:0,(anonymous_23)
FNDA:0,(anonymous_24)
FNDA:0,(anonymous_25)
FNDA:0,(anonymous_26)
FNDA:0,(anonymous_27)
FNDA:0,(anonymous_28)
FNDA:0,(anonymous_29)
FNDA:0,(anonymous_30)
FNDA:0,(anonymous_31)
FNDA:0,(anonymous_32)
FNDA:0,(anonymous_33)
FNDA:0,(anonymous_34)
FNDA:0,(anonymous_35)
FNDA:0,(anonymous_36)
FNDA:0,(anonymous_37)
FNDA:0,(anonymous_38)
FNDA:0,(anonymous_39)
FNDA:0,(anonymous_40)
FNDA:0,(anonymous_41)
FNDA:0,(anonymous_42)
FNDA:0,(anonymous_43)
FNDA:0,(anonymous_44)
FNDA:0,(anonymous_45)
FNDA:0,(anonymous_46)
FNDA:0,(anonymous_47)
FNDA:0,(anonymous_48)
FNDA:0,(anonymous_49)
FNDA:0,(anonymous_50)
FNDA:0,(anonymous_51)
FNDA:0,(anonymous_52)
FNDA:0,(anonymous_53)
FNDA:0,(anonymous_54)
FNDA:0,(anonymous_55)
FNDA:0,(anonymous_56)
FNDA:0,(anonymous_57)
FNDA:0,(anonymous_58)
FNDA:0,(anonymous_59)
FNDA:0,(anonymous_60)
FNDA:0,(anonymous_61)
FNDA:0,(anonymous_62)
DA:6,0
DA:10,0
DA:12,0
DA:25,0
DA:32,0
DA:33,0
DA:34,0
DA:36,0
DA:37,0
DA:40,0
DA:41,0
DA:43,0
DA:48,0
DA:49,0
DA:51,0
DA:54,0
DA:55,0
DA:57,0
DA:61,0
DA:62,0
DA:63,0
DA:64,0
DA:66,0
DA:71,0
DA:73,0
DA:74,0
DA:75,0
DA:76,0
DA:79,0
DA:80,0
DA:82,0
DA:84,0
DA:87,0
DA:88,0
DA:89,0
DA:91,0
DA:95,0
DA:98,0
DA:102,0
DA:103,0
DA:104,0
DA:114,0
DA:115,0
DA:118,0
DA:119,0
DA:120,0
DA:123,0
DA:124,0
DA:127,0
DA:128,0
DA:135,0
DA:136,0
DA:137,0
DA:139,0
DA:140,0
DA:144,0
DA:146,0
DA:150,0
DA:154,0
DA:155,0
DA:158,0
DA:159,0
DA:168,0
DA:169,0
DA:170,0
DA:171,0
DA:174,0
DA:175,0
DA:184,0
DA:185,0
DA:186,0
DA:189,0
DA:190,0
DA:197,0
DA:198,0
DA:199,0
DA:200,0
DA:204,0
DA:205,0
DA:206,0
DA:211,0
DA:216,0
DA:220,0
DA:221,0
DA:224,0
DA:226,0
DA:227,0
DA:229,0
DA:234,0
DA:236,0
DA:237,0
DA:240,0
DA:241,0
DA:247,0
DA:248,0
DA:254,0
DA:255,0
DA:256,0
DA:257,0
DA:260,0
DA:261,0
DA:265,0
DA:266,0
DA:267,0
DA:274,0
DA:275,0
DA:278,0
DA:279,0
DA:280,0
DA:286,0
DA:289,0
DA:290,0
DA:297,0
DA:298,0
DA:299,0
DA:301,0
DA:302,0
DA:306,0
DA:308,0
DA:309,0
DA:314,0
DA:315,0
DA:320,0
DA:324,0
DA:325,0
DA:328,0
DA:329,0
DA:332,0
DA:333,0
DA:337,0
DA:338,0
DA:345,0
DA:346,0
DA:350,0
DA:351,0
DA:352,0
DA:354,0
DA:357,0
DA:358,0
DA:360,0
DA:365,0
DA:366,0
DA:367,0
DA:369,0
DA:371,0
DA:376,0
DA:377,0
DA:378,0
DA:380,0
DA:382,0
DA:388,0
DA:389,0
DA:390,0
DA:395,0
DA:396,0
DA:397,0
DA:400,0
DA:402,0
DA:403,0
DA:406,0
DA:407,0
DA:409,0
DA:410,0
DA:411,0
DA:412,0
DA:414,0
DA:418,0
DA:420,0
DA:423,0
DA:424,0
DA:429,0
DA:430,0
DA:431,0
DA:434,0
DA:436,0
DA:437,0
DA:441,0
DA:442,0
DA:443,0
DA:445,0
DA:447,0
DA:448,0
DA:451,0
DA:453,0
DA:454,0
DA:456,0
DA:459,0
DA:460,0
DA:462,0
DA:463,0
DA:466,0
DA:467,0
DA:470,0
DA:471,0
DA:473,0
DA:474,0
DA:476,0
DA:479,0
DA:480,0
DA:482,0
DA:483,0
DA:485,0
DA:488,0
DA:489,0
DA:491,0
DA:495,0
DA:496,0
DA:497,0
DA:498,0
DA:500,0
DA:502,0
DA:507,0
DA:508,0
DA:509,0
DA:511,0
DA:513,0
DA:520,0
DA:521,0
DA:522,0
DA:524,0
DA:526,0
LF:221
LH:0
BRDA:482,0,0,0
BRDA:482,0,1,0
BRF:2
BRH:0
end_of_record
TN:
SF:src/database/database.service.ts
FN:18,(anonymous_11)
FN:20,(anonymous_12)
FN:54,(anonymous_13)
FN:61,(anonymous_14)
FN:65,(anonymous_15)
FN:69,(anonymous_16)
FN:78,(anonymous_17)
FN:97,(anonymous_18)
FN:116,(anonymous_19)
FN:134,(anonymous_20)
FN:150,(anonymous_21)
FNF:11
FNH:8
FNDA:17,(anonymous_11)
FNDA:10,(anonymous_12)
FNDA:11,(anonymous_13)
FNDA:10,(anonymous_14)
FNDA:0,(anonymous_15)
FNDA:0,(anonymous_16)
FNDA:13,(anonymous_17)
FNDA:19,(anonymous_18)
FNDA:2,(anonymous_19)
FNDA:2,(anonymous_20)
FNDA:0,(anonymous_21)
DA:1,4
DA:2,4
DA:3,4
DA:4,4
DA:5,4
DA:6,4
DA:12,4
DA:18,17
DA:21,10
DA:32,10
DA:35,10
DA:36,10
DA:39,10
DA:40,10
DA:41,9
DA:43,1
DA:44,1
DA:49,9
DA:55,11
DA:56,4
DA:57,3
DA:62,10
DA:66,0
DA:70,0
DA:79,13
DA:81,13
DA:84,13
DA:89,0
DA:90,0
DA:98,19
DA:100,19
DA:106,19
DA:108,0
DA:109,0
DA:117,2
DA:118,2
DA:122,2
DA:123,2
DA:125,0
DA:126,0
DA:138,2
DA:139,2
DA:140,2
DA:142,2
DA:153,0
DA:154,0
LF:46
LH:36
BRDA:55,0,0,4
BRDA:55,0,1,7
BRDA:55,1,0,11
BRDA:55,1,1,6
BRDA:123,2,0,2
BRDA:123,2,1,1
BRDA:18,3,0,4
BRDA:18,3,1,0
BRDA:18,4,0,4
BRDA:18,4,1,4
BRF:10
BRH:9
end_of_record
TN:
SF:src/database/schema.ts
FNF:0
FNH:0
DA:2,18
DA:5,18
DA:8,18
LF:3
LH:3
BRF:0
BRH:0
end_of_record
TN:
SF:src/database/seed.spec.ts
FN:12,(anonymous_9)
FN:42,(anonymous_10)
FN:48,(anonymous_11)
FN:59,(anonymous_12)
FN:87,(anonymous_13)
FN:96,(anonymous_14)
FN:97,(anonymous_15)
FN:120,(anonymous_16)
FN:145,(anonymous_17)
FN:146,(anonymous_18)
FN:168,(anonymous_19)
FN:182,(anonymous_20)
FN:196,(anonymous_21)
FN:210,(anonymous_22)
FN:224,(anonymous_23)
FN:239,(anonymous_24)
FN:240,(anonymous_25)
FN:263,(anonymous_26)
FN:265,(anonymous_27)
FN:284,(anonymous_28)
FN:285,(anonymous_29)
FN:294,(anonymous_30)
FN:320,(anonymous_31)
FN:329,(anonymous_32)
FN:357,(anonymous_33)
FN:358,(anonymous_34)
FN:377,(anonymous_35)
FN:396,(anonymous_36)
FN:397,(anonymous_37)
FN:406,(anonymous_38)
FNF:30
FNH:0
FNDA:0,(anonymous_9)
FNDA:0,(anonymous_10)
FNDA:0,(anonymous_11)
FNDA:0,(anonymous_12)
FNDA:0,(anonymous_13)
FNDA:0,(anonymous_14)
FNDA:0,(anonymous_15)
FNDA:0,(anonymous_16)
FNDA:0,(anonymous_17)
FNDA:0,(anonymous_18)
FNDA:0,(anonymous_19)
FNDA:0,(anonymous_20)
FNDA:0,(anonymous_21)
FNDA:0,(anonymous_22)
FNDA:0,(anonymous_23)
FNDA:0,(anonymous_24)
FNDA:0,(anonymous_25)
FNDA:0,(anonymous_26)
FNDA:0,(anonymous_27)
FNDA:0,(anonymous_28)
FNDA:0,(anonymous_29)
FNDA:0,(anonymous_30)
FNDA:0,(anonymous_31)
FNDA:0,(anonymous_32)
FNDA:0,(anonymous_33)
FNDA:0,(anonymous_34)
FNDA:0,(anonymous_35)
FNDA:0,(anonymous_36)
FNDA:0,(anonymous_37)
FNDA:0,(anonymous_38)
DA:6,0
DA:7,0
DA:10,0
DA:11,0
DA:12,0
DA:40,0
DA:42,0
DA:48,0
DA:50,0
DA:53,0
DA:59,0
DA:62,0
DA:63,0
DA:65,0
DA:76,0
DA:80,0
DA:81,0
DA:82,0
DA:83,0
DA:84,0
DA:87,0
DA:89,0
DA:90,0
DA:91,0
DA:92,0
DA:93,0
DA:96,0
DA:97,0
DA:99,0
DA:101,0
DA:102,0
DA:110,0
DA:111,0
DA:112,0
DA:115,0
DA:116,0
DA:120,0
DA:122,0
DA:123,0
DA:124,0
DA:125,0
DA:126,0
DA:128,0
DA:130,0
DA:131,0
DA:141,0
DA:145,0
DA:146,0
DA:147,0
DA:150,0
DA:151,0
DA:153,0
DA:154,0
DA:163,0
DA:164,0
DA:168,0
DA:169,0
DA:171,0
DA:172,0
DA:174,0
DA:175,0
DA:178,0
DA:182,0
DA:183,0
DA:185,0
DA:186,0
DA:188,0
DA:189,0
DA:192,0
DA:196,0
DA:197,0
DA:199,0
DA:200,0
DA:202,0
DA:203,0
DA:206,0
DA:210,0
DA:211,0
DA:213,0
DA:214,0
DA:216,0
DA:217,0
DA:220,0
DA:224,0
DA:225,0
DA:227,0
DA:228,0
DA:230,0
DA:231,0
DA:234,0
DA:239,0
DA:240,0
DA:241,0
DA:243,0
DA:245,0
DA:247,0
DA:248,0
DA:249,0
DA:252,0
DA:254,0
DA:258,0
DA:259,0
DA:263,0
DA:265,0
DA:266,0
DA:269,0
DA:271,0
DA:272,0
DA:273,0
DA:275,0
DA:279,0
DA:284,0
DA:285,0
DA:287,0
DA:294,0
DA:296,0
DA:298,0
DA:299,0
DA:301,0
DA:302,0
DA:304,0
DA:305,0
DA:307,0
DA:308,0
DA:310,0
DA:311,0
DA:312,0
DA:317,0
DA:320,0
DA:322,0
DA:329,0
DA:331,0
DA:333,0
DA:334,0
DA:336,0
DA:337,0
DA:339,0
DA:340,0
DA:342,0
DA:343,0
DA:345,0
DA:347,0
DA:348,0
DA:353,0
DA:357,0
DA:358,0
DA:360,0
DA:362,0
DA:365,0
DA:366,0
DA:367,0
DA:369,0
DA:373,0
DA:377,0
DA:379,0
DA:380,0
DA:382,0
DA:383,0
DA:384,0
DA:385,0
DA:389,0
DA:391,0
DA:396,0
DA:397,0
DA:398,0
DA:399,0
DA:402,0
DA:403,0
DA:406,0
DA:408,0
DA:409,0
LF:171
LH:0
BRDA:101,0,0,0
BRDA:101,0,1,0
BRDA:130,1,0,0
BRDA:130,1,1,0
BRDA:150,2,0,0
BRDA:150,2,1,0
BRDA:171,3,0,0
BRDA:171,3,1,0
BRDA:185,4,0,0
BRDA:185,4,1,0
BRDA:199,5,0,0
BRDA:199,5,1,0
BRDA:213,6,0,0
BRDA:213,6,1,0
BRDA:227,7,0,0
BRDA:227,7,1,0
BRDA:241,8,0,0
BRDA:241,8,1,0
BRDA:243,9,0,0
BRDA:243,9,1,0
BRDA:243,10,0,0
BRDA:243,10,1,0
BRDA:269,11,0,0
BRDA:269,11,1,0
BRDA:271,12,0,0
BRDA:271,12,1,0
BRDA:271,13,0,0
BRDA:271,13,1,0
BRDA:296,14,0,0
BRDA:296,14,1,0
BRDA:296,14,2,0
BRDA:296,14,3,0
BRDA:310,15,0,0
BRDA:310,15,1,0
BRDA:310,16,0,0
BRDA:310,16,1,0
BRDA:331,17,0,0
BRDA:331,17,1,0
BRDA:331,17,2,0
BRDA:331,17,3,0
BRDA:345,18,0,0
BRDA:345,18,1,0
BRDA:345,19,0,0
BRDA:345,19,1,0
BRDA:365,20,0,0
BRDA:365,20,1,0
BRDA:384,21,0,0
BRDA:384,21,1,0
BRF:48
BRH:0
end_of_record
TN:
SF:src/database/seed.ts
FN:15,createDatabaseConnection
FN:40,createSampleOrganization
FN:79,createSampleUsers
FN:128,createSampleLease
FN:167,createSampleWells
FN:221,createSampleProductionRecords
FN:257,createSamplePartnerAndRelationship
FN:306,seed
FN:321,(anonymous_17)
FN:336,(anonymous_18)
FN:350,(anonymous_19)
FN:438,(anonymous_20)
FNF:12
FNH:10
FNDA:0,createDatabaseConnection
FNDA:12,createSampleOrganization
FNDA:12,createSampleUsers
FNDA:12,createSampleLease
FNDA:12,createSampleWells
FNDA:12,createSampleProductionRecords
FNDA:12,createSamplePartnerAndRelationship
FNDA:12,seed
FNDA:36,(anonymous_17)
FNDA:24,(anonymous_18)
FNDA:72,(anonymous_19)
FNDA:0,(anonymous_20)
DA:1,1
DA:2,1
DA:3,1
DA:4,1
DA:19,0
DA:20,0
DA:21,0
DA:22,0
DA:23,0
DA:25,0
DA:33,0
DA:34,0
DA:42,12
DA:61,12
DA:67,12
DA:69,12
DA:70,0
DA:73,12
DA:85,12
DA:118,12
DA:119,0
DA:122,12
DA:132,12
DA:157,12
DA:158,0
DA:161,12
DA:173,12
DA:211,12
DA:212,0
DA:215,12
DA:226,12
DA:227,12
DA:229,12
DA:230,84
DA:231,84
DA:232,84
DA:234,84
DA:235,168
DA:250,12
DA:251,12
DA:263,12
DA:288,8
DA:289,0
DA:293,8
DA:303,8
DA:308,12
DA:310,12
DA:312,12
DA:315,0
DA:316,0
DA:317,0
DA:321,12
DA:323,36
DA:324,36
DA:325,36
DA:326,36
DA:329,36
DA:330,36
DA:332,0
DA:336,12
DA:337,24
DA:338,24
DA:341,24
DA:345,24
DA:346,24
DA:350,12
DA:352,72
DA:353,72
DA:354,72
DA:364,72
DA:366,0
DA:369,12
DA:370,12
DA:373,12
DA:374,12
DA:377,12
DA:383,12
DA:386,12
DA:387,12
DA:390,12
DA:396,12
DA:399,12
DA:404,12
DA:407,12
DA:412,8
DA:413,8
DA:415,8
DA:416,8
DA:427,4
DA:428,4
DA:430,12
DA:431,0
DA:437,1
DA:438,0
DA:439,0
DA:440,0
DA:444,1
LF:97
LH:75
BRDA:19,0,0,0
BRDA:19,0,1,0
BRDA:20,1,0,0
BRDA:20,1,1,0
BRDA:21,2,0,0
BRDA:21,2,1,0
BRDA:23,3,0,0
BRDA:23,3,1,0
BRDA:69,4,0,0
BRDA:69,4,1,12
BRDA:118,5,0,0
BRDA:118,5,1,12
BRDA:118,6,0,12
BRDA:118,6,1,12
BRDA:157,7,0,0
BRDA:157,7,1,12
BRDA:211,8,0,0
BRDA:211,8,1,12
BRDA:211,9,0,12
BRDA:211,9,1,12
BRDA:245,10,0,24
BRDA:245,10,1,144
BRDA:288,11,0,0
BRDA:288,11,1,8
BRDA:310,12,0,12
BRDA:310,12,1,0
BRDA:323,13,0,36
BRDA:323,13,1,0
BRDA:324,14,0,36
BRDA:324,14,1,0
BRDA:352,15,0,72
BRDA:352,15,1,0
BRDA:353,16,0,72
BRDA:353,16,1,0
BRDA:364,17,0,72
BRDA:364,17,1,0
BRDA:430,18,0,0
BRDA:430,18,1,12
BRDA:437,19,0,0
BRDA:437,19,1,1
BRF:40
BRH:19
end_of_record
TN:
SF:src/database/schemas/afe-approvals.ts
FN:24,(anonymous_0)
FN:27,(anonymous_1)
FN:32,(anonymous_2)
FN:36,(anonymous_3)
FNF:4
FNH:1
FNDA:0,(anonymous_0)
FNDA:0,(anonymous_1)
FNDA:0,(anonymous_2)
FNDA:20,(anonymous_3)
DA:1,18
DA:11,18
DA:12,18
DA:13,18
DA:18,18
DA:24,0
DA:27,0
DA:32,0
DA:36,20
LF:9
LH:6
BRF:0
BRH:0
end_of_record
TN:
SF:src/database/schemas/afe-line-items.ts
FN:24,(anonymous_0)
FN:33,(anonymous_1)
FN:38,(anonymous_2)
FNF:3
FNH:1
FNDA:0,(anonymous_0)
FNDA:0,(anonymous_1)
FNDA:20,(anonymous_2)
DA:1,18
DA:12,18
DA:13,18
DA:18,18
DA:24,0
DA:33,0
DA:38,20
LF:7
LH:5
BRF:0
BRH:0
end_of_record
TN:
SF:src/database/schemas/afes.ts
FN:48,(anonymous_0)
FN:50,(anonymous_1)
FN:51,(anonymous_2)
FN:68,(anonymous_3)
FNF:4
FNH:1
FNDA:0,(anonymous_0)
FNDA:0,(anonymous_1)
FNDA:0,(anonymous_2)
FNDA:20,(anonymous_3)
DA:1,18
DA:14,18
DA:15,18
DA:16,18
DA:21,18
DA:31,18
DA:42,18
DA:48,0
DA:50,0
DA:51,0
DA:68,20
LF:11
LH:8
BRF:0
BRH:0
end_of_record
TN:
SF:src/database/schemas/chain-of-title.ts
FN:23,(anonymous_0)
FN:26,(anonymous_1)
FN:43,(anonymous_2)
FNF:3
FNH:1
FNDA:0,(anonymous_0)
FNDA:0,(anonymous_1)
FNDA:20,(anonymous_2)
DA:1,18
DA:11,18
DA:12,18
DA:17,18
DA:23,0
DA:26,0
DA:43,20
LF:7
LH:5
BRF:0
BRH:0
end_of_record
TN:
SF:src/database/schemas/compliance-reports.ts
FN:22,(anonymous_0)
FN:25,(anonymous_1)
FN:39,(anonymous_2)
FNF:3
FNH:1
FNDA:0,(anonymous_0)
FNDA:0,(anonymous_1)
FNDA:20,(anonymous_2)
DA:1,18
DA:10,18
DA:11,18
DA:16,18
DA:22,0
DA:25,0
DA:39,20
LF:7
LH:5
BRF:0
BRH:0
end_of_record
TN:
SF:src/database/schemas/compliance-schedules.ts
FN:23,(anonymous_0)
FN:24,(anonymous_1)
FN:39,(anonymous_2)
FNF:3
FNH:1
FNDA:0,(anonymous_0)
FNDA:0,(anonymous_1)
FNDA:20,(anonymous_2)
DA:1,18
DA:11,18
DA:12,18
DA:17,18
DA:23,0
DA:24,0
DA:39,20
LF:7
LH:5
BRF:0
BRH:0
end_of_record
TN:
SF:src/database/schemas/curative-activities.ts
FN:21,(anonymous_0)
FN:36,(anonymous_1)
FNF:2
FNH:1
FNDA:0,(anonymous_0)
FNDA:20,(anonymous_1)
DA:1,18
DA:10,18
DA:15,18
DA:21,0
DA:36,20
LF:5
LH:4
BRF:0
BRH:0
end_of_record
TN:
SF:src/database/schemas/curative-item-documents.ts
FN:22,(anonymous_0)
FN:25,(anonymous_1)
FN:33,(anonymous_2)
FNF:3
FNH:1
FNDA:0,(anonymous_0)
FNDA:0,(anonymous_1)
FNDA:20,(anonymous_2)
DA:1,18
DA:10,18
DA:11,18
DA:16,18
DA:22,0
DA:25,0
DA:33,20
LF:7
LH:5
BRF:0
BRH:0
end_of_record
TN:
SF:src/database/schemas/curative-items.ts
FN:21,(anonymous_0)
FN:34,(anonymous_1)
FNF:2
FNH:1
FNDA:0,(anonymous_0)
FNDA:20,(anonymous_1)
DA:1,18
DA:10,18
DA:15,18
DA:21,0
DA:34,20
LF:5
LH:4
BRF:0
BRH:0
end_of_record
TN:
SF:src/database/schemas/division-orders.ts
FN:24,(anonymous_0)
FN:27,(anonymous_1)
FN:30,(anonymous_2)
FN:41,(anonymous_3)
FNF:4
FNH:1
FNDA:0,(anonymous_0)
FNDA:0,(anonymous_1)
FNDA:0,(anonymous_2)
FNDA:20,(anonymous_3)
DA:1,18
DA:11,18
DA:12,18
DA:13,18
DA:18,18
DA:24,0
DA:27,0
DA:30,0
DA:41,20
LF:9
LH:6
BRF:0
BRH:0
end_of_record
TN:
SF:src/database/schemas/documents.ts
FN:25,(anonymous_0)
FN:28,(anonymous_1)
FN:29,(anonymous_2)
FN:30,(anonymous_3)
FN:41,(anonymous_4)
FNF:5
FNH:1
FNDA:0,(anonymous_0)
FNDA:0,(anonymous_1)
FNDA:0,(anonymous_2)
FNDA:0,(anonymous_3)
FNDA:20,(anonymous_4)
DA:1,18
DA:11,18
DA:12,18
DA:13,18
DA:14,18
DA:19,18
DA:25,0
DA:28,0
DA:29,0
DA:30,0
DA:41,20
LF:11
LH:7
BRF:0
BRH:0
end_of_record
TN:
SF:src/database/schemas/environmental-incidents.ts
FN:26,(anonymous_0)
FN:27,(anonymous_1)
FN:30,(anonymous_2)
FN:50,(anonymous_3)
FNF:4
FNH:1
FNDA:0,(anonymous_0)
FNDA:0,(anonymous_1)
FNDA:0,(anonymous_2)
FNDA:20,(anonymous_3)
DA:1,18
DA:13,18
DA:14,18
DA:15,18
DA:20,18
DA:26,0
DA:27,0
DA:30,0
DA:50,20
LF:9
LH:6
BRF:0
BRH:0
end_of_record
TN:
SF:src/database/schemas/equipment.ts
FN:21,(anonymous_0)
FN:33,(anonymous_1)
FNF:2
FNH:1
FNDA:0,(anonymous_0)
FNDA:20,(anonymous_1)
DA:1,18
DA:10,18
DA:15,18
DA:21,0
DA:33,20
LF:5
LH:4
BRF:0
BRH:0
end_of_record
TN:
SF:src/database/schemas/index.ts
FN:2,(anonymous_4)
FN:3,(anonymous_5)
FN:4,(anonymous_6)
FN:5,(anonymous_7)
FN:6,(anonymous_8)
FN:9,(anonymous_9)
FN:10,(anonymous_10)
FN:13,(anonymous_11)
FN:14,(anonymous_12)
FN:17,(anonymous_13)
FN:18,(anonymous_14)
FN:19,(anonymous_15)
FN:22,(anonymous_16)
FN:23,(anonymous_17)
FN:24,(anonymous_18)
FN:27,(anonymous_19)
FN:28,(anonymous_20)
FN:31,(anonymous_21)
FN:35,(anonymous_22)
FN:36,(anonymous_23)
FN:37,(anonymous_24)
FN:38,(anonymous_25)
FN:40,(anonymous_26)
FN:40,(anonymous_27)
FN:42,(anonymous_28)
FN:43,(anonymous_29)
FN:44,(anonymous_30)
FN:45,(anonymous_31)
FN:46,(anonymous_32)
FN:50,(anonymous_33)
FN:51,(anonymous_34)
FN:52,(anonymous_35)
FN:53,(anonymous_36)
FN:54,(anonymous_37)
FN:55,(anonymous_38)
FN:58,(anonymous_39)
FN:59,(anonymous_40)
FN:62,(anonymous_41)
FN:63,(anonymous_42)
FNF:39
FNH:39
FNDA:1117,(anonymous_4)
FNDA:616,(anonymous_5)
FNDA:526,(anonymous_6)
FNDA:859,(anonymous_7)
FNDA:412,(anonymous_8)
FNDA:382,(anonymous_9)
FNDA:215,(anonymous_10)
FNDA:145,(anonymous_11)
FNDA:185,(anonymous_12)
FNDA:265,(anonymous_13)
FNDA:140,(anonymous_14)
FNDA:204,(anonymous_15)
FNDA:450,(anonymous_16)
FNDA:137,(anonymous_17)
FNDA:196,(anonymous_18)
FNDA:244,(anonymous_19)
FNDA:389,(anonymous_20)
FNDA:174,(anonymous_21)
FNDA:322,(anonymous_22)
FNDA:20,(anonymous_23)
FNDA:20,(anonymous_24)
FNDA:20,(anonymous_25)
FNDA:129,(anonymous_26)
FNDA:20,(anonymous_27)
FNDA:158,(anonymous_28)
FNDA:158,(anonymous_29)
FNDA:98,(anonymous_30)
FNDA:20,(anonymous_31)
FNDA:20,(anonymous_32)
FNDA:253,(anonymous_33)
FNDA:172,(anonymous_34)
FNDA:138,(anonymous_35)
FNDA:118,(anonymous_36)
FNDA:40,(anonymous_37)
FNDA:98,(anonymous_38)
FNDA:270,(anonymous_39)
FNDA:132,(anonymous_40)
FNDA:206,(anonymous_41)
FNDA:160,(anonymous_42)
DA:2,1135
DA:3,634
DA:4,544
DA:5,877
DA:6,430
DA:9,400
DA:10,233
DA:13,163
DA:14,203
DA:17,283
DA:18,158
DA:19,222
DA:22,468
DA:23,155
DA:24,214
DA:27,262
DA:28,407
DA:31,192
DA:34,18
DA:35,340
DA:36,38
DA:37,38
DA:38,38
DA:40,147
DA:41,18
DA:42,176
DA:43,176
DA:44,116
DA:45,38
DA:46,38
DA:50,271
DA:51,190
DA:52,156
DA:53,136
DA:54,58
DA:55,116
DA:58,288
DA:59,150
DA:62,224
DA:63,178
DA:66,18
LF:41
LH:41
BRF:0
BRH:0
end_of_record
TN:
SF:src/database/schemas/jib-statements.ts
FN:24,(anonymous_0)
FN:27,(anonymous_1)
FN:30,(anonymous_2)
FN:55,(anonymous_3)
FNF:4
FNH:1
FNDA:0,(anonymous_0)
FNDA:0,(anonymous_1)
FNDA:0,(anonymous_2)
FNDA:20,(anonymous_3)
DA:1,18
DA:11,18
DA:12,18
DA:13,18
DA:18,18
DA:24,0
DA:27,0
DA:30,0
DA:55,20
LF:9
LH:6
BRF:0
BRH:0
end_of_record
TN:
SF:src/database/schemas/lease-operating-statements.ts
FN:24,(anonymous_0)
FN:27,(anonymous_1)
FN:41,(anonymous_2)
FNF:3
FNH:1
FNDA:0,(anonymous_0)
FNDA:0,(anonymous_1)
FNDA:20,(anonymous_2)
DA:1,18
DA:12,18
DA:13,18
DA:18,18
DA:24,0
DA:27,0
DA:41,20
LF:7
LH:5
BRF:0
BRH:0
end_of_record
TN:
SF:src/database/schemas/lease-partners.ts
FN:25,(anonymous_0)
FN:28,(anonymous_1)
FN:47,(anonymous_2)
FNF:3
FNH:1
FNDA:0,(anonymous_0)
FNDA:0,(anonymous_1)
FNDA:20,(anonymous_2)
DA:1,18
DA:11,18
DA:12,18
DA:13,18
DA:19,18
DA:25,0
DA:28,0
DA:47,20
LF:8
LH:6
BRF:0
BRH:0
end_of_record
TN:
SF:src/database/schemas/leases.ts
FN:25,(anonymous_0)
FN:39,(anonymous_1)
FNF:2
FNH:1
FNDA:0,(anonymous_0)
FNDA:20,(anonymous_1)
DA:1,18
DA:12,18
DA:13,18
DA:19,18
DA:25,0
DA:39,20
LF:6
LH:5
BRF:0
BRH:0
end_of_record
TN:
SF:src/database/schemas/organizations.ts
FNF:0
FNH:0
DA:1,18
DA:7,18
LF:2
LH:2
BRF:0
BRH:0
end_of_record
TN:
SF:src/database/schemas/partners.ts
FN:22,(anonymous_0)
FN:34,(anonymous_1)
FNF:2
FNH:1
FNDA:0,(anonymous_0)
FNDA:20,(anonymous_1)
DA:1,18
DA:11,18
DA:16,18
DA:22,0
DA:34,20
LF:5
LH:4
BRF:0
BRH:0
end_of_record
TN:
SF:src/database/schemas/production-records.ts
FN:27,(anonymous_0)
FN:30,(anonymous_1)
FN:42,(anonymous_2)
FNF:3
FNH:1
FNDA:0,(anonymous_0)
FNDA:0,(anonymous_1)
FNDA:20,(anonymous_2)
DA:1,18
DA:13,18
DA:14,18
DA:15,18
DA:21,18
DA:27,0
DA:30,0
DA:42,20
LF:8
LH:6
BRF:0
BRH:0
end_of_record
TN:
SF:src/database/schemas/regulatory-filings.ts
FN:24,(anonymous_0)
FN:25,(anonymous_1)
FN:28,(anonymous_2)
FN:43,(anonymous_3)
FNF:4
FNH:1
FNDA:0,(anonymous_0)
FNDA:0,(anonymous_1)
FNDA:0,(anonymous_2)
FNDA:20,(anonymous_3)
DA:1,18
DA:11,18
DA:12,18
DA:13,18
DA:18,18
DA:24,0
DA:25,0
DA:28,0
DA:43,20
LF:9
LH:6
BRF:0
BRH:0
end_of_record
TN:
SF:src/database/schemas/relations.spec.ts
FN:31,(anonymous_0)
FN:32,(anonymous_1)
FN:33,(anonymous_2)
FN:38,(anonymous_3)
FN:43,(anonymous_4)
FN:48,(anonymous_5)
FN:53,(anonymous_6)
FN:59,(anonymous_7)
FN:60,(anonymous_8)
FN:65,(anonymous_9)
FN:70,(anonymous_10)
FN:75,(anonymous_11)
FN:81,(anonymous_12)
FN:82,(anonymous_13)
FN:87,(anonymous_14)
FN:92,(anonymous_15)
FN:97,(anonymous_16)
FN:103,(anonymous_17)
FN:104,(anonymous_18)
FN:109,(anonymous_19)
FN:114,(anonymous_20)
FN:119,(anonymous_21)
FN:124,(anonymous_22)
FN:130,(anonymous_23)
FN:131,(anonymous_24)
FN:136,(anonymous_25)
FN:141,(anonymous_26)
FN:147,(anonymous_27)
FN:148,(anonymous_28)
FN:153,(anonymous_29)
FN:158,(anonymous_30)
FN:164,(anonymous_31)
FN:165,(anonymous_32)
FN:170,(anonymous_33)
FN:175,(anonymous_34)
FN:181,(anonymous_35)
FN:182,(anonymous_36)
FN:187,(anonymous_37)
FN:192,(anonymous_38)
FN:198,(anonymous_39)
FN:199,(anonymous_40)
FN:204,(anonymous_41)
FN:209,(anonymous_42)
FN:214,(anonymous_43)
FN:220,(anonymous_44)
FN:221,(anonymous_45)
FN:226,(anonymous_46)
FN:231,(anonymous_47)
FN:236,(anonymous_48)
FN:241,(anonymous_49)
FN:247,(anonymous_50)
FN:248,(anonymous_51)
FN:253,(anonymous_52)
FN:259,(anonymous_53)
FN:260,(anonymous_54)
FN:265,(anonymous_55)
FN:270,(anonymous_56)
FN:276,(anonymous_57)
FN:277,(anonymous_58)
FN:282,(anonymous_59)
FN:287,(anonymous_60)
FN:292,(anonymous_61)
FN:297,(anonymous_62)
FN:302,(anonymous_63)
FN:308,(anonymous_64)
FN:309,(anonymous_65)
FN:314,(anonymous_66)
FN:319,(anonymous_67)
FN:325,(anonymous_68)
FN:326,(anonymous_69)
FN:331,(anonymous_70)
FN:336,(anonymous_71)
FN:341,(anonymous_72)
FN:347,(anonymous_73)
FN:348,(anonymous_74)
FN:353,(anonymous_75)
FN:358,(anonymous_76)
FN:363,(anonymous_77)
FN:369,(anonymous_78)
FN:370,(anonymous_79)
FN:375,(anonymous_80)
FN:380,(anonymous_81)
FN:385,(anonymous_82)
FN:390,(anonymous_83)
FN:396,(anonymous_84)
FN:397,(anonymous_85)
FN:402,(anonymous_86)
FN:407,(anonymous_87)
FN:413,(anonymous_88)
FN:414,(anonymous_89)
FN:419,(anonymous_90)
FN:424,(anonymous_91)
FN:429,(anonymous_92)
FN:435,(anonymous_93)
FN:436,(anonymous_94)
FN:441,(anonymous_95)
FN:447,(anonymous_96)
FN:448,(anonymous_97)
FN:453,(anonymous_98)
FN:458,(anonymous_99)
FN:463,(anonymous_100)
FN:469,(anonymous_101)
FN:470,(anonymous_102)
FN:475,(anonymous_103)
FN:481,(anonymous_104)
FN:482,(anonymous_105)
FN:487,(anonymous_106)
FN:492,(anonymous_107)
FN:497,(anonymous_108)
FN:502,(anonymous_109)
FN:508,(anonymous_110)
FN:509,(anonymous_111)
FN:514,(anonymous_112)
FN:520,(anonymous_113)
FN:521,(anonymous_114)
FN:526,(anonymous_115)
FN:531,(anonymous_116)
FN:536,(anonymous_117)
FN:542,(anonymous_118)
FN:543,(anonymous_119)
FN:548,(anonymous_120)
FN:553,(anonymous_121)
FN:559,(anonymous_122)
FN:560,(anonymous_123)
FN:590,(anonymous_124)
FN:597,(anonymous_125)
FN:598,(anonymous_126)
FN:603,(anonymous_127)
FN:604,(anonymous_128)
FNF:129
FNH:0
FNDA:0,(anonymous_0)
FNDA:0,(anonymous_1)
FNDA:0,(anonymous_2)
FNDA:0,(anonymous_3)
FNDA:0,(anonymous_4)
FNDA:0,(anonymous_5)
FNDA:0,(anonymous_6)
FNDA:0,(anonymous_7)
FNDA:0,(anonymous_8)
FNDA:0,(anonymous_9)
FNDA:0,(anonymous_10)
FNDA:0,(anonymous_11)
FNDA:0,(anonymous_12)
FNDA:0,(anonymous_13)
FNDA:0,(anonymous_14)
FNDA:0,(anonymous_15)
FNDA:0,(anonymous_16)
FNDA:0,(anonymous_17)
FNDA:0,(anonymous_18)
FNDA:0,(anonymous_19)
FNDA:0,(anonymous_20)
FNDA:0,(anonymous_21)
FNDA:0,(anonymous_22)
FNDA:0,(anonymous_23)
FNDA:0,(anonymous_24)
FNDA:0,(anonymous_25)
FNDA:0,(anonymous_26)
FNDA:0,(anonymous_27)
FNDA:0,(anonymous_28)
FNDA:0,(anonymous_29)
FNDA:0,(anonymous_30)
FNDA:0,(anonymous_31)
FNDA:0,(anonymous_32)
FNDA:0,(anonymous_33)
FNDA:0,(anonymous_34)
FNDA:0,(anonymous_35)
FNDA:0,(anonymous_36)
FNDA:0,(anonymous_37)
FNDA:0,(anonymous_38)
FNDA:0,(anonymous_39)
FNDA:0,(anonymous_40)
FNDA:0,(anonymous_41)
FNDA:0,(anonymous_42)
FNDA:0,(anonymous_43)
FNDA:0,(anonymous_44)
FNDA:0,(anonymous_45)
FNDA:0,(anonymous_46)
FNDA:0,(anonymous_47)
FNDA:0,(anonymous_48)
FNDA:0,(anonymous_49)
FNDA:0,(anonymous_50)
FNDA:0,(anonymous_51)
FNDA:0,(anonymous_52)
FNDA:0,(anonymous_53)
FNDA:0,(anonymous_54)
FNDA:0,(anonymous_55)
FNDA:0,(anonymous_56)
FNDA:0,(anonymous_57)
FNDA:0,(anonymous_58)
FNDA:0,(anonymous_59)
FNDA:0,(anonymous_60)
FNDA:0,(anonymous_61)
FNDA:0,(anonymous_62)
FNDA:0,(anonymous_63)
FNDA:0,(anonymous_64)
FNDA:0,(anonymous_65)
FNDA:0,(anonymous_66)
FNDA:0,(anonymous_67)
FNDA:0,(anonymous_68)
FNDA:0,(anonymous_69)
FNDA:0,(anonymous_70)
FNDA:0,(anonymous_71)
FNDA:0,(anonymous_72)
FNDA:0,(anonymous_73)
FNDA:0,(anonymous_74)
FNDA:0,(anonymous_75)
FNDA:0,(anonymous_76)
FNDA:0,(anonymous_77)
FNDA:0,(anonymous_78)
FNDA:0,(anonymous_79)
FNDA:0,(anonymous_80)
FNDA:0,(anonymous_81)
FNDA:0,(anonymous_82)
FNDA:0,(anonymous_83)
FNDA:0,(anonymous_84)
FNDA:0,(anonymous_85)
FNDA:0,(anonymous_86)
FNDA:0,(anonymous_87)
FNDA:0,(anonymous_88)
FNDA:0,(anonymous_89)
FNDA:0,(anonymous_90)
FNDA:0,(anonymous_91)
FNDA:0,(anonymous_92)
FNDA:0,(anonymous_93)
FNDA:0,(anonymous_94)
FNDA:0,(anonymous_95)
FNDA:0,(anonymous_96)
FNDA:0,(anonymous_97)
FNDA:0,(anonymous_98)
FNDA:0,(anonymous_99)
FNDA:0,(anonymous_100)
FNDA:0,(anonymous_101)
FNDA:0,(anonymous_102)
FNDA:0,(anonymous_103)
FNDA:0,(anonymous_104)
FNDA:0,(anonymous_105)
FNDA:0,(anonymous_106)
FNDA:0,(anonymous_107)
FNDA:0,(anonymous_108)
FNDA:0,(anonymous_109)
FNDA:0,(anonymous_110)
FNDA:0,(anonymous_111)
FNDA:0,(anonymous_112)
FNDA:0,(anonymous_113)
FNDA:0,(anonymous_114)
FNDA:0,(anonymous_115)
FNDA:0,(anonymous_116)
FNDA:0,(anonymous_117)
FNDA:0,(anonymous_118)
FNDA:0,(anonymous_119)
FNDA:0,(anonymous_120)
FNDA:0,(anonymous_121)
FNDA:0,(anonymous_122)
FNDA:0,(anonymous_123)
FNDA:0,(anonymous_124)
FNDA:0,(anonymous_125)
FNDA:0,(anonymous_126)
FNDA:0,(anonymous_127)
FNDA:0,(anonymous_128)
DA:1,0
DA:2,0
DA:31,0
DA:32,0
DA:33,0
DA:34,0
DA:35,0
DA:38,0
DA:39,0
DA:40,0
DA:43,0
DA:44,0
DA:45,0
DA:48,0
DA:49,0
DA:50,0
DA:53,0
DA:54,0
DA:55,0
DA:59,0
DA:60,0
DA:61,0
DA:62,0
DA:65,0
DA:66,0
DA:67,0
DA:70,0
DA:71,0
DA:72,0
DA:75,0
DA:76,0
DA:77,0
DA:81,0
DA:82,0
DA:83,0
DA:84,0
DA:87,0
DA:88,0
DA:89,0
DA:92,0
DA:93,0
DA:94,0
DA:97,0
DA:98,0
DA:99,0
DA:103,0
DA:104,0
DA:105,0
DA:106,0
DA:109,0
DA:110,0
DA:111,0
DA:114,0
DA:115,0
DA:116,0
DA:119,0
DA:120,0
DA:121,0
DA:124,0
DA:125,0
DA:126,0
DA:130,0
DA:131,0
DA:132,0
DA:133,0
DA:136,0
DA:137,0
DA:138,0
DA:141,0
DA:142,0
DA:143,0
DA:147,0
DA:148,0
DA:149,0
DA:150,0
DA:153,0
DA:154,0
DA:155,0
DA:158,0
DA:159,0
DA:160,0
DA:164,0
DA:165,0
DA:166,0
DA:167,0
DA:170,0
DA:171,0
DA:172,0
DA:175,0
DA:176,0
DA:177,0
DA:181,0
DA:182,0
DA:183,0
DA:184,0
DA:187,0
DA:188,0
DA:189,0
DA:192,0
DA:193,0
DA:194,0
DA:198,0
DA:199,0
DA:200,0
DA:201,0
DA:204,0
DA:205,0
DA:206,0
DA:209,0
DA:210,0
DA:211,0
DA:214,0
DA:215,0
DA:216,0
DA:220,0
DA:221,0
DA:222,0
DA:223,0
DA:226,0
DA:227,0
DA:228,0
DA:231,0
DA:232,0
DA:233,0
DA:236,0
DA:237,0
DA:238,0
DA:241,0
DA:242,0
DA:243,0
DA:247,0
DA:248,0
DA:249,0
DA:250,0
DA:253,0
DA:254,0
DA:255,0
DA:259,0
DA:260,0
DA:261,0
DA:262,0
DA:265,0
DA:266,0
DA:267,0
DA:270,0
DA:271,0
DA:272,0
DA:276,0
DA:277,0
DA:278,0
DA:279,0
DA:282,0
DA:283,0
DA:284,0
DA:287,0
DA:288,0
DA:289,0
DA:292,0
DA:293,0
DA:294,0
DA:297,0
DA:298,0
DA:299,0
DA:302,0
DA:303,0
DA:304,0
DA:308,0
DA:309,0
DA:310,0
DA:311,0
DA:314,0
DA:315,0
DA:316,0
DA:319,0
DA:320,0
DA:321,0
DA:325,0
DA:326,0
DA:327,0
DA:328,0
DA:331,0
DA:332,0
DA:333,0
DA:336,0
DA:337,0
DA:338,0
DA:341,0
DA:342,0
DA:343,0
DA:347,0
DA:348,0
DA:349,0
DA:350,0
DA:353,0
DA:354,0
DA:355,0
DA:358,0
DA:359,0
DA:360,0
DA:363,0
DA:364,0
DA:365,0
DA:369,0
DA:370,0
DA:371,0
DA:372,0
DA:375,0
DA:376,0
DA:377,0
DA:380,0
DA:381,0
DA:382,0
DA:385,0
DA:386,0
DA:387,0
DA:390,0
DA:391,0
DA:392,0
DA:396,0
DA:397,0
DA:398,0
DA:399,0
DA:402,0
DA:403,0
DA:404,0
DA:407,0
DA:408,0
DA:409,0
DA:413,0
DA:414,0
DA:415,0
DA:416,0
DA:419,0
DA:420,0
DA:421,0
DA:424,0
DA:425,0
DA:426,0
DA:429,0
DA:430,0
DA:431,0
DA:435,0
DA:436,0
DA:437,0
DA:438,0
DA:441,0
DA:442,0
DA:443,0
DA:447,0
DA:448,0
DA:449,0
DA:450,0
DA:453,0
DA:454,0
DA:455,0
DA:458,0
DA:459,0
DA:460,0
DA:463,0
DA:464,0
DA:465,0
DA:469,0
DA:470,0
DA:471,0
DA:472,0
DA:475,0
DA:476,0
DA:477,0
DA:481,0
DA:482,0
DA:483,0
DA:484,0
DA:487,0
DA:488,0
DA:489,0
DA:492,0
DA:493,0
DA:494,0
DA:497,0
DA:498,0
DA:499,0
DA:502,0
DA:503,0
DA:504,0
DA:508,0
DA:509,0
DA:510,0
DA:511,0
DA:514,0
DA:515,0
DA:516,0
DA:520,0
DA:521,0
DA:522,0
DA:523,0
DA:526,0
DA:527,0
DA:528,0
DA:531,0
DA:532,0
DA:533,0
DA:536,0
DA:537,0
DA:538,0
DA:542,0
DA:543,0
DA:544,0
DA:545,0
DA:548,0
DA:549,0
DA:550,0
DA:553,0
DA:554,0
DA:555,0
DA:559,0
DA:560,0
DA:561,0
DA:590,0
DA:591,0
DA:592,0
DA:593,0
DA:597,0
DA:598,0
DA:599,0
DA:603,0
DA:604,0
DA:605,0
LF:327
LH:0
BRF:0
BRH:0
end_of_record
TN:
SF:src/database/schemas/relations.ts
FN:43,(anonymous_0)
FN:63,(anonymous_1)
FN:76,(anonymous_2)
FN:91,(anonymous_3)
FN:114,(anonymous_4)
FN:126,(anonymous_5)
FN:138,(anonymous_6)
FN:151,(anonymous_7)
FN:163,(anonymous_8)
FN:178,(anonymous_9)
FN:197,(anonymous_10)
FN:204,(anonymous_11)
FN:215,(anonymous_12)
FN:232,(anonymous_13)
FN:243,(anonymous_14)
FN:258,(anonymous_15)
FN:275,(anonymous_16)
FN:297,(anonymous_17)
FN:311,(anonymous_18)
FN:327,(anonymous_19)
FN:338,(anonymous_20)
FN:352,(anonymous_21)
FN:366,(anonymous_22)
FN:376,(anonymous_23)
FN:393,(anonymous_24)
FN:402,(anonymous_25)
FN:420,(anonymous_26)
FN:436,(anonymous_27)
FN:447,(anonymous_28)
FN:456,(anonymous_29)
FN:471,(anonymous_30)
FN:489,(anonymous_31)
FNF:32
FNH:32
FNDA:20,(anonymous_0)
FNDA:20,(anonymous_1)
FNDA:20,(anonymous_2)
FNDA:20,(anonymous_3)
FNDA:20,(anonymous_4)
FNDA:20,(anonymous_5)
FNDA:20,(anonymous_6)
FNDA:20,(anonymous_7)
FNDA:20,(anonymous_8)
FNDA:20,(anonymous_9)
FNDA:20,(anonymous_10)
FNDA:20,(anonymous_11)
FNDA:20,(anonymous_12)
FNDA:20,(anonymous_13)
FNDA:20,(anonymous_14)
FNDA:20,(anonymous_15)
FNDA:20,(anonymous_16)
FNDA:20,(anonymous_17)
FNDA:20,(anonymous_18)
FNDA:20,(anonymous_19)
FNDA:20,(anonymous_20)
FNDA:20,(anonymous_21)
FNDA:20,(anonymous_22)
FNDA:20,(anonymous_23)
FNDA:20,(anonymous_24)
FNDA:20,(anonymous_25)
FNDA:20,(anonymous_26)
FNDA:20,(anonymous_27)
FNDA:20,(anonymous_28)
FNDA:20,(anonymous_29)
FNDA:20,(anonymous_30)
FNDA:20,(anonymous_31)
DA:1,18
DA:4,18
DA:43,20
DA:63,20
DA:76,20
DA:91,20
DA:112,18
DA:114,20
DA:126,20
DA:138,20
DA:149,18
DA:151,20
DA:163,20
DA:178,20
DA:197,20
DA:204,20
DA:215,20
DA:232,20
DA:243,20
DA:258,20
DA:273,18
DA:275,20
DA:295,18
DA:297,20
DA:309,18
DA:311,20
DA:325,18
DA:327,20
DA:336,18
DA:338,20
DA:350,18
DA:352,20
DA:364,18
DA:366,20
DA:374,18
DA:376,20
DA:393,20
DA:400,18
DA:402,20
DA:418,18
DA:420,20
DA:436,20
DA:447,20
DA:454,18
DA:456,20
DA:469,18
DA:471,20
DA:487,18
DA:489,20
LF:49
LH:49
BRF:0
BRH:0
end_of_record
TN:
SF:src/database/schemas/revenue-distributions.ts
FN:25,(anonymous_0)
FN:28,(anonymous_1)
FN:31,(anonymous_2)
FN:34,(anonymous_3)
FN:58,(anonymous_4)
FNF:5
FNH:1
FNDA:0,(anonymous_0)
FNDA:0,(anonymous_1)
FNDA:0,(anonymous_2)
FNDA:0,(anonymous_3)
FNDA:20,(anonymous_4)
DA:1,18
DA:11,18
DA:12,18
DA:13,18
DA:14,18
DA:19,18
DA:25,0
DA:28,0
DA:31,0
DA:34,0
DA:58,20
LF:11
LH:7
BRF:0
BRH:0
end_of_record
TN:
SF:src/database/schemas/spill-reports.ts
FN:23,(anonymous_0)
FN:42,(anonymous_1)
FNF:2
FNH:1
FNDA:0,(anonymous_0)
FNDA:20,(anonymous_1)
DA:1,18
DA:12,18
DA:17,18
DA:23,0
DA:42,20
LF:5
LH:4
BRF:0
BRH:0
end_of_record
TN:
SF:src/database/schemas/title-opinion-documents.ts
FN:22,(anonymous_0)
FN:25,(anonymous_1)
FN:33,(anonymous_2)
FNF:3
FNH:1
FNDA:0,(anonymous_0)
FNDA:0,(anonymous_1)
FNDA:20,(anonymous_2)
DA:1,18
DA:10,18
DA:11,18
DA:16,18
DA:22,0
DA:25,0
DA:33,20
LF:7
LH:5
BRF:0
BRH:0
end_of_record
TN:
SF:src/database/schemas/title-opinions.ts
FN:22,(anonymous_0)
FN:25,(anonymous_1)
FN:36,(anonymous_2)
FNF:3
FNH:1
FNDA:0,(anonymous_0)
FNDA:0,(anonymous_1)
FNDA:20,(anonymous_2)
DA:1,18
DA:10,18
DA:11,18
DA:16,18
DA:22,0
DA:25,0
DA:36,20
LF:7
LH:5
BRF:0
BRH:0
end_of_record
TN:
SF:src/database/schemas/users.ts
FN:28,(anonymous_0)
FN:39,(anonymous_1)
FNF:2
FNH:1
FNDA:0,(anonymous_0)
FNDA:20,(anonymous_1)
DA:1,18
DA:11,18
DA:16,18
DA:22,18
DA:28,0
DA:39,20
LF:6
LH:5
BRF:0
BRH:0
end_of_record
TN:
SF:src/database/schemas/vendor-contacts.ts
FN:33,(anonymous_0)
FN:74,(anonymous_1)
FNF:2
FNH:1
FNDA:0,(anonymous_0)
FNDA:20,(anonymous_1)
DA:1,18
DA:11,18
DA:14,18
DA:27,18
DA:33,0
DA:74,20
LF:6
LH:5
BRF:0
BRH:0
end_of_record
TN:
SF:src/database/schemas/vendor-contracts.ts
FN:46,(anonymous_0)
FN:49,(anonymous_1)
FN:108,(anonymous_2)
FN:139,(anonymous_3)
FN:142,(anonymous_4)
FN:143,(anonymous_5)
FN:204,(anonymous_6)
FN:236,(anonymous_7)
FN:261,(anonymous_8)
FNF:9
FNH:3
FNDA:0,(anonymous_0)
FNDA:0,(anonymous_1)
FNDA:20,(anonymous_2)
FNDA:0,(anonymous_3)
FNDA:0,(anonymous_4)
FNDA:0,(anonymous_5)
FNDA:20,(anonymous_6)
FNDA:0,(anonymous_7)
FNDA:20,(anonymous_8)
DA:1,18
DA:15,18
DA:16,18
DA:19,18
DA:28,18
DA:40,18
DA:46,0
DA:49,0
DA:108,20
DA:133,18
DA:139,0
DA:142,0
DA:143,0
DA:204,20
DA:230,18
DA:236,0
DA:261,20
LF:17
LH:11
BRF:0
BRH:0
end_of_record
TN:
SF:src/database/schemas/vendors.ts
FN:55,(anonymous_0)
FN:119,(anonymous_1)
FNF:2
FNH:1
FNDA:0,(anonymous_0)
FNDA:20,(anonymous_1)
DA:1,18
DA:15,18
DA:18,18
DA:26,18
DA:37,18
DA:49,18
DA:55,0
DA:119,20
LF:8
LH:7
BRF:0
BRH:0
end_of_record
TN:
SF:src/database/schemas/well-tests.ts
FN:24,(anonymous_0)
FN:27,(anonymous_1)
FN:40,(anonymous_2)
FNF:3
FNH:1
FNDA:0,(anonymous_0)
FNDA:0,(anonymous_1)
FNDA:20,(anonymous_2)
DA:1,18
DA:12,18
DA:13,18
DA:18,18
DA:24,0
DA:27,0
DA:40,20
LF:7
LH:5
BRF:0
BRH:0
end_of_record
TN:
SF:src/database/schemas/wells.ts
FN:50,(anonymous_0)
FN:51,(anonymous_1)
FN:68,(anonymous_2)
FNF:3
FNH:1
FNDA:0,(anonymous_0)
FNDA:0,(anonymous_1)
FNDA:20,(anonymous_2)
DA:1,18
DA:13,18
DA:14,18
DA:15,18
DA:18,18
DA:33,18
DA:44,18
DA:50,0
DA:51,0
DA:68,20
LF:10
LH:8
BRF:0
BRH:0
end_of_record
